2026-02-04 08:43:57,495 INFO o.a.j.u.JMeterUtils: Setting Locale to en_EN
2026-02-04 08:43:57,515 INFO o.a.j.JMeter: Loading user properties from: /opt/apache-jmeter-5.6.3/bin/user.properties
2026-02-04 08:43:57,516 INFO o.a.j.JMeter: Loading system properties from: /opt/apache-jmeter-5.6.3/bin/system.properties
2026-02-04 08:43:57,525 INFO o.a.j.JMeter: Copyright (c) 1998-2024 The Apache Software Foundation
2026-02-04 08:43:57,525 INFO o.a.j.JMeter: Version 5.6.3
2026-02-04 08:43:57,525 INFO o.a.j.JMeter: java.version=1.8.0_481
2026-02-04 08:43:57,525 INFO o.a.j.JMeter: java.vm.name=Java HotSpot(TM) 64-Bit Server VM
2026-02-04 08:43:57,525 INFO o.a.j.JMeter: os.name=Linux
2026-02-04 08:43:57,525 INFO o.a.j.JMeter: os.arch=amd64
2026-02-04 08:43:57,525 INFO o.a.j.JMeter: os.version=6.14.0-37-generic
2026-02-04 08:43:57,526 INFO o.a.j.JMeter: file.encoding=UTF-8
2026-02-04 08:43:57,526 INFO o.a.j.JMeter: java.awt.headless=null
2026-02-04 08:43:57,526 INFO o.a.j.JMeter: Max memory     =1073741824
2026-02-04 08:43:57,526 INFO o.a.j.JMeter: Available Processors =8
2026-02-04 08:43:57,533 INFO o.a.j.JMeter: Default Locale=English (EN)
2026-02-04 08:43:57,533 INFO o.a.j.JMeter: JMeter  Locale=English (EN)
2026-02-04 08:43:57,534 INFO o.a.j.JMeter: JMeterHome=/opt/apache-jmeter-5.6.3
2026-02-04 08:43:57,534 INFO o.a.j.JMeter: user.dir  =/home/omar/Documents/Term 4/ACIT-3855
2026-02-04 08:43:57,534 INFO o.a.j.JMeter: PWD       =/home/omar/Documents/Term 4/ACIT-3855
2026-02-04 08:43:57,534 INFO o.a.j.JMeter: IP: 127.0.1.1 Name: omarlaptop FullName: omarlaptop
2026-02-04 08:43:57,561 INFO o.a.j.JMeter: Loaded icon properties from org/apache/jmeter/images/icon.properties
2026-02-04 08:43:58,001 INFO o.a.j.JMeterGuiLauncher: Setting LAF to: com.github.weisj.darklaf.DarkLaf:com.github.weisj.darklaf.theme.DarculaTheme
2026-02-04 08:44:16,204 INFO o.a.j.g.JMeterUIDefaults: Applying font scale factor: 1.1
2026-02-04 08:44:19,337 INFO o.a.j.g.JMeterUIDefaults: Applying font scale factor: 1.21
2026-02-04 08:44:21,844 INFO o.a.j.g.JMeterUIDefaults: Applying font scale factor: 1.3310001
2026-02-04 08:44:25,854 INFO o.a.j.g.JMeterUIDefaults: Applying font scale factor: 1.4641001
2026-02-04 08:44:27,499 INFO o.a.j.g.a.t.TemplateManager: Reading templates from: /opt/apache-jmeter-5.6.3/bin/templates/templates.xml
2026-02-04 08:44:38,930 INFO o.a.j.s.FileServer: Default base='/home/omar/Documents/Term 4/ACIT-3855'
2026-02-04 08:44:38,938 INFO o.a.j.g.a.Load: Loading file: /home/omar/Documents/Term 4/ACIT-3855/jmx_file/lab3.jmx
2026-02-04 08:44:38,939 INFO o.a.j.s.FileServer: Set new base='/home/omar/Documents/Term 4/ACIT-3855/jmx_file'
2026-02-04 08:44:39,200 INFO o.a.j.s.SaveService: Testplan (JMX) version: 2.2. Testlog (JTL) version: 2.2
2026-02-04 08:44:39,217 INFO o.a.j.s.SaveService: Using SaveService properties file encoding UTF-8
2026-02-04 08:44:39,219 INFO o.a.j.s.SaveService: Using SaveService properties version 5.0
2026-02-04 08:44:39,223 INFO o.a.j.s.SaveService: Loading file: /home/omar/Documents/Term 4/ACIT-3855/jmx_file/lab3.jmx
2026-02-04 08:44:39,266 INFO o.a.j.p.h.s.HTTPSamplerBase: Parser for text/html is org.apache.jmeter.protocol.http.parser.LagartoBasedHtmlParser
2026-02-04 08:44:39,266 INFO o.a.j.p.h.s.HTTPSamplerBase: Parser for application/xhtml+xml is org.apache.jmeter.protocol.http.parser.LagartoBasedHtmlParser
2026-02-04 08:44:39,266 INFO o.a.j.p.h.s.HTTPSamplerBase: Parser for application/xml is org.apache.jmeter.protocol.http.parser.LagartoBasedHtmlParser
2026-02-04 08:44:39,267 INFO o.a.j.p.h.s.HTTPSamplerBase: Parser for text/xml is org.apache.jmeter.protocol.http.parser.LagartoBasedHtmlParser
2026-02-04 08:44:39,267 INFO o.a.j.p.h.s.HTTPSamplerBase: Parser for text/vnd.wap.wml is org.apache.jmeter.protocol.http.parser.RegexpHTMLParser
2026-02-04 08:44:39,267 INFO o.a.j.p.h.s.HTTPSamplerBase: Parser for text/css is org.apache.jmeter.protocol.http.parser.CssParser
2026-02-04 08:44:39,583 INFO o.a.j.s.SampleResult: Note: Sample TimeStamps are START times
2026-02-04 08:44:39,583 INFO o.a.j.s.SampleResult: sampleresult.default.encoding is set to UTF-8
2026-02-04 08:44:39,583 INFO o.a.j.s.SampleResult: sampleresult.useNanoTime=true
2026-02-04 08:44:39,583 INFO o.a.j.s.SampleResult: sampleresult.nanoThreadSleep=5000
2026-02-04 08:44:39,895 INFO o.a.j.s.FileServer: Set new base='/home/omar/Documents/Term 4/ACIT-3855/jmx_file'
2026-02-04 08:45:35,716 INFO o.a.j.e.StandardJMeterEngine: Running the test!
2026-02-04 08:45:35,720 INFO o.a.j.s.SampleEvent: List of sample_variables: []
2026-02-04 08:45:35,720 INFO o.a.j.s.SampleEvent: List of sample_variables: []
2026-02-04 08:45:35,725 INFO o.a.j.e.u.CompoundVariable: Note: Function class names must contain the string: '.functions.'
2026-02-04 08:45:35,725 INFO o.a.j.e.u.CompoundVariable: Note: Function class names must not contain the string: '.gui.'
2026-02-04 08:45:36,217 INFO o.a.j.g.u.JMeterMenuBar: setRunning(true, *local*)
2026-02-04 08:45:36,267 INFO o.a.j.e.StandardJMeterEngine: Starting ThreadGroup: 1 : Thread Group
2026-02-04 08:45:36,267 INFO o.a.j.e.StandardJMeterEngine: Starting 50 threads for group Thread Group.
2026-02-04 08:45:36,267 INFO o.a.j.e.StandardJMeterEngine: Thread will continue on error
2026-02-04 08:45:36,268 INFO o.a.j.t.ThreadGroup: Starting thread group... number=1 threads=50 ramp-up=3 delayedStart=false
2026-02-04 08:45:36,281 INFO o.a.j.t.JMeterThread: Thread started: Thread Group 1-1
2026-02-04 08:45:36,320 INFO o.a.j.p.h.s.HTTPHCAbstractImpl: Local host = omarlaptop
2026-02-04 08:45:36,333 INFO o.a.j.t.ThreadGroup: Started thread group number 1
2026-02-04 08:45:36,333 INFO o.a.j.e.StandardJMeterEngine: All thread groups have been started
2026-02-04 08:45:36,334 INFO o.a.j.t.JMeterThread: Thread started: Thread Group 1-2
2026-02-04 08:45:36,338 INFO o.a.j.p.h.s.HTTPHC4Impl: HTTP request retry count = 0
2026-02-04 08:45:36,396 INFO o.a.j.t.JMeterThread: Thread started: Thread Group 1-3
2026-02-04 08:45:36,455 INFO o.a.j.t.JMeterThread: Thread started: Thread Group 1-4
2026-02-04 08:45:36,516 INFO o.a.j.t.JMeterThread: Thread started: Thread Group 1-5
2026-02-04 08:45:36,572 INFO o.a.j.t.JMeterThread: Thread started: Thread Group 1-6
2026-02-04 08:45:36,631 INFO o.a.j.t.JMeterThread: Thread started: Thread Group 1-7
2026-02-04 08:45:36,696 INFO o.a.j.t.JMeterThread: Thread started: Thread Group 1-8
2026-02-04 08:45:36,752 INFO o.a.j.t.JMeterThread: Thread started: Thread Group 1-9
2026-02-04 08:45:36,811 INFO o.a.j.t.JMeterThread: Thread started: Thread Group 1-10
2026-02-04 08:45:36,873 INFO o.a.j.t.JMeterThread: Thread started: Thread Group 1-11
2026-02-04 08:45:36,931 INFO o.a.j.t.JMeterThread: Thread started: Thread Group 1-12
2026-02-04 08:45:36,992 INFO o.a.j.t.JMeterThread: Thread started: Thread Group 1-13
2026-02-04 08:45:37,051 INFO o.a.j.t.JMeterThread: Thread started: Thread Group 1-14
2026-02-04 08:45:37,113 INFO o.a.j.t.JMeterThread: Thread started: Thread Group 1-15
2026-02-04 08:45:37,153 INFO o.a.j.t.JMeterThread: Thread is done: Thread Group 1-5
2026-02-04 08:45:37,154 INFO o.a.j.t.JMeterThread: Thread finished: Thread Group 1-5
2026-02-04 08:45:37,172 INFO o.a.j.t.JMeterThread: Thread started: Thread Group 1-16
2026-02-04 08:45:37,232 INFO o.a.j.t.JMeterThread: Thread started: Thread Group 1-17
2026-02-04 08:45:37,290 INFO o.a.j.t.JMeterThread: Thread started: Thread Group 1-18
2026-02-04 08:45:37,351 INFO o.a.j.t.JMeterThread: Thread started: Thread Group 1-19
2026-02-04 08:45:37,361 INFO o.a.j.t.JMeterThread: Thread is done: Thread Group 1-6
2026-02-04 08:45:37,362 INFO o.a.j.t.JMeterThread: Thread finished: Thread Group 1-6
2026-02-04 08:45:37,375 INFO o.a.j.t.JMeterThread: Thread is done: Thread Group 1-2
2026-02-04 08:45:37,375 INFO o.a.j.t.JMeterThread: Thread finished: Thread Group 1-2
2026-02-04 08:45:37,395 INFO o.a.j.t.JMeterThread: Thread is done: Thread Group 1-1
2026-02-04 08:45:37,396 INFO o.a.j.t.JMeterThread: Thread finished: Thread Group 1-1
2026-02-04 08:45:37,410 INFO o.a.j.t.JMeterThread: Thread is done: Thread Group 1-8
2026-02-04 08:45:37,411 INFO o.a.j.t.JMeterThread: Thread finished: Thread Group 1-8
2026-02-04 08:45:37,410 INFO o.a.j.t.JMeterThread: Thread started: Thread Group 1-20
2026-02-04 08:45:37,469 INFO o.a.j.t.JMeterThread: Thread started: Thread Group 1-21
2026-02-04 08:45:37,498 INFO o.a.j.t.JMeterThread: Thread is done: Thread Group 1-4
2026-02-04 08:45:37,498 INFO o.a.j.t.JMeterThread: Thread finished: Thread Group 1-4
2026-02-04 08:45:37,529 INFO o.a.j.t.JMeterThread: Thread started: Thread Group 1-22
2026-02-04 08:45:37,565 INFO o.a.j.t.JMeterThread: Thread is done: Thread Group 1-3
2026-02-04 08:45:37,565 INFO o.a.j.t.JMeterThread: Thread finished: Thread Group 1-3
2026-02-04 08:45:37,589 INFO o.a.j.t.JMeterThread: Thread started: Thread Group 1-23
2026-02-04 08:45:37,650 INFO o.a.j.t.JMeterThread: Thread started: Thread Group 1-24
2026-02-04 08:45:37,653 INFO o.a.j.t.JMeterThread: Thread is done: Thread Group 1-7
2026-02-04 08:45:37,655 INFO o.a.j.t.JMeterThread: Thread finished: Thread Group 1-7
2026-02-04 08:45:37,692 INFO o.a.j.t.JMeterThread: Thread is done: Thread Group 1-10
2026-02-04 08:45:37,695 INFO o.a.j.t.JMeterThread: Thread finished: Thread Group 1-10
2026-02-04 08:45:37,709 INFO o.a.j.t.JMeterThread: Thread started: Thread Group 1-25
2026-02-04 08:45:37,768 INFO o.a.j.t.JMeterThread: Thread is done: Thread Group 1-11
2026-02-04 08:45:37,769 INFO o.a.j.t.JMeterThread: Thread finished: Thread Group 1-11
2026-02-04 08:45:37,772 INFO o.a.j.t.JMeterThread: Thread started: Thread Group 1-26
2026-02-04 08:45:37,833 INFO o.a.j.t.JMeterThread: Thread started: Thread Group 1-27
2026-02-04 08:45:37,887 INFO o.a.j.t.JMeterThread: Thread is done: Thread Group 1-9
2026-02-04 08:45:37,887 INFO o.a.j.t.JMeterThread: Thread finished: Thread Group 1-9
2026-02-04 08:45:37,889 INFO o.a.j.t.JMeterThread: Thread started: Thread Group 1-28
2026-02-04 08:45:37,950 INFO o.a.j.t.JMeterThread: Thread started: Thread Group 1-29
2026-02-04 08:45:38,009 INFO o.a.j.t.JMeterThread: Thread started: Thread Group 1-30
2026-02-04 08:45:38,061 INFO o.a.j.t.JMeterThread: Thread is done: Thread Group 1-14
2026-02-04 08:45:38,061 INFO o.a.j.t.JMeterThread: Thread finished: Thread Group 1-14
2026-02-04 08:45:38,069 INFO o.a.j.t.JMeterThread: Thread started: Thread Group 1-31
2026-02-04 08:45:38,109 INFO o.a.j.t.JMeterThread: Thread is done: Thread Group 1-12
2026-02-04 08:45:38,111 INFO o.a.j.t.JMeterThread: Thread finished: Thread Group 1-12
2026-02-04 08:45:38,129 INFO o.a.j.t.JMeterThread: Thread started: Thread Group 1-32
2026-02-04 08:45:38,258 INFO o.a.j.t.JMeterThread: Thread started: Thread Group 1-34
2026-02-04 08:45:38,278 INFO o.a.j.t.JMeterThread: Thread is done: Thread Group 1-13
2026-02-04 08:45:38,278 INFO o.a.j.t.JMeterThread: Thread finished: Thread Group 1-13
2026-02-04 08:45:38,279 INFO o.a.j.t.JMeterThread: Thread started: Thread Group 1-33
2026-02-04 08:45:38,311 INFO o.a.j.t.JMeterThread: Thread started: Thread Group 1-35
2026-02-04 08:45:38,322 INFO o.a.j.t.JMeterThread: Thread is done: Thread Group 1-16
2026-02-04 08:45:38,322 INFO o.a.j.t.JMeterThread: Thread is done: Thread Group 1-15
2026-02-04 08:45:38,323 INFO o.a.j.t.JMeterThread: Thread finished: Thread Group 1-15
2026-02-04 08:45:38,323 INFO o.a.j.t.JMeterThread: Thread finished: Thread Group 1-16
2026-02-04 08:45:38,369 INFO o.a.j.t.JMeterThread: Thread started: Thread Group 1-36
2026-02-04 08:45:38,429 INFO o.a.j.t.JMeterThread: Thread started: Thread Group 1-37
2026-02-04 08:45:38,459 INFO o.a.j.t.JMeterThread: Thread is done: Thread Group 1-17
2026-02-04 08:45:38,459 INFO o.a.j.t.JMeterThread: Thread finished: Thread Group 1-17
2026-02-04 08:45:38,489 INFO o.a.j.t.JMeterThread: Thread started: Thread Group 1-38
2026-02-04 08:45:38,542 INFO o.a.j.t.JMeterThread: Thread is done: Thread Group 1-21
2026-02-04 08:45:38,543 INFO o.a.j.t.JMeterThread: Thread finished: Thread Group 1-21
2026-02-04 08:45:38,549 INFO o.a.j.t.JMeterThread: Thread started: Thread Group 1-39
2026-02-04 08:45:38,555 INFO o.a.j.t.JMeterThread: Thread is done: Thread Group 1-18
2026-02-04 08:45:38,556 INFO o.a.j.t.JMeterThread: Thread finished: Thread Group 1-18
2026-02-04 08:45:38,684 INFO o.a.j.t.JMeterThread: Thread started: Thread Group 1-41
2026-02-04 08:45:38,684 INFO o.a.j.t.JMeterThread: Thread started: Thread Group 1-40
2026-02-04 08:45:38,686 INFO o.a.j.t.JMeterThread: Thread is done: Thread Group 1-19
2026-02-04 08:45:38,686 INFO o.a.j.t.JMeterThread: Thread finished: Thread Group 1-19
2026-02-04 08:45:38,732 INFO o.a.j.t.JMeterThread: Thread started: Thread Group 1-42
2026-02-04 08:45:38,739 INFO o.a.j.t.JMeterThread: Thread is done: Thread Group 1-22
2026-02-04 08:45:38,743 INFO o.a.j.t.JMeterThread: Thread finished: Thread Group 1-22
2026-02-04 08:45:38,780 INFO o.a.j.t.JMeterThread: Thread is done: Thread Group 1-20
2026-02-04 08:45:38,781 INFO o.a.j.t.JMeterThread: Thread finished: Thread Group 1-20
2026-02-04 08:45:38,791 INFO o.a.j.t.JMeterThread: Thread started: Thread Group 1-43
2026-02-04 08:45:38,850 INFO o.a.j.t.JMeterThread: Thread started: Thread Group 1-44
2026-02-04 08:45:38,873 INFO o.a.j.t.JMeterThread: Thread is done: Thread Group 1-23
2026-02-04 08:45:38,873 INFO o.a.j.t.JMeterThread: Thread finished: Thread Group 1-23
2026-02-04 08:45:38,911 INFO o.a.j.t.JMeterThread: Thread started: Thread Group 1-45
2026-02-04 08:45:38,925 INFO o.a.j.t.JMeterThread: Thread is done: Thread Group 1-24
2026-02-04 08:45:38,926 INFO o.a.j.t.JMeterThread: Thread finished: Thread Group 1-24
2026-02-04 08:45:38,970 INFO o.a.j.t.JMeterThread: Thread started: Thread Group 1-46
2026-02-04 08:45:39,029 INFO o.a.j.t.JMeterThread: Thread started: Thread Group 1-47
2026-02-04 08:45:39,064 INFO o.a.j.t.JMeterThread: Thread is done: Thread Group 1-25
2026-02-04 08:45:39,065 INFO o.a.j.t.JMeterThread: Thread finished: Thread Group 1-25
2026-02-04 08:45:39,089 INFO o.a.j.t.JMeterThread: Thread started: Thread Group 1-48
2026-02-04 08:45:39,123 INFO o.a.j.t.JMeterThread: Thread is done: Thread Group 1-28
2026-02-04 08:45:39,124 INFO o.a.j.t.JMeterThread: Thread finished: Thread Group 1-28
2026-02-04 08:45:39,150 INFO o.a.j.t.JMeterThread: Thread started: Thread Group 1-49
2026-02-04 08:45:39,209 INFO o.a.j.t.JMeterThread: Thread is done: Thread Group 1-27
2026-02-04 08:45:39,209 INFO o.a.j.t.JMeterThread: Thread started: Thread Group 1-50
2026-02-04 08:45:39,214 INFO o.a.j.t.JMeterThread: Thread finished: Thread Group 1-27
2026-02-04 08:45:39,316 INFO o.a.j.t.JMeterThread: Thread is done: Thread Group 1-26
2026-02-04 08:45:39,316 INFO o.a.j.t.JMeterThread: Thread finished: Thread Group 1-26
2026-02-04 08:45:39,430 INFO o.a.j.t.JMeterThread: Thread is done: Thread Group 1-29
2026-02-04 08:45:39,431 INFO o.a.j.t.JMeterThread: Thread finished: Thread Group 1-29
2026-02-04 08:45:39,546 INFO o.a.j.t.JMeterThread: Thread is done: Thread Group 1-31
2026-02-04 08:45:39,547 INFO o.a.j.t.JMeterThread: Thread finished: Thread Group 1-31
2026-02-04 08:45:39,589 INFO o.a.j.t.JMeterThread: Thread is done: Thread Group 1-30
2026-02-04 08:45:39,590 INFO o.a.j.t.JMeterThread: Thread finished: Thread Group 1-30
2026-02-04 08:45:39,631 INFO o.a.j.t.JMeterThread: Thread is done: Thread Group 1-34
2026-02-04 08:45:39,631 INFO o.a.j.t.JMeterThread: Thread finished: Thread Group 1-34
2026-02-04 08:45:39,682 INFO o.a.j.t.JMeterThread: Thread is done: Thread Group 1-32
2026-02-04 08:45:39,682 INFO o.a.j.t.JMeterThread: Thread finished: Thread Group 1-32
2026-02-04 08:45:39,778 INFO o.a.j.t.JMeterThread: Thread is done: Thread Group 1-33
2026-02-04 08:45:39,778 INFO o.a.j.t.JMeterThread: Thread finished: Thread Group 1-33
2026-02-04 08:45:39,841 INFO o.a.j.t.JMeterThread: Thread is done: Thread Group 1-35
2026-02-04 08:45:39,842 INFO o.a.j.t.JMeterThread: Thread finished: Thread Group 1-35
2026-02-04 08:45:39,982 INFO o.a.j.t.JMeterThread: Thread is done: Thread Group 1-36
2026-02-04 08:45:39,982 INFO o.a.j.t.JMeterThread: Thread finished: Thread Group 1-36
2026-02-04 08:45:40,022 INFO o.a.j.t.JMeterThread: Thread is done: Thread Group 1-38
2026-02-04 08:45:40,022 INFO o.a.j.t.JMeterThread: Thread finished: Thread Group 1-38
2026-02-04 08:45:40,024 INFO o.a.j.t.JMeterThread: Thread is done: Thread Group 1-37
2026-02-04 08:45:40,024 INFO o.a.j.t.JMeterThread: Thread finished: Thread Group 1-37
2026-02-04 08:45:40,130 INFO o.a.j.t.JMeterThread: Thread is done: Thread Group 1-42
2026-02-04 08:45:40,130 INFO o.a.j.t.JMeterThread: Thread finished: Thread Group 1-42
2026-02-04 08:45:40,160 INFO o.a.j.t.JMeterThread: Thread is done: Thread Group 1-40
2026-02-04 08:45:40,160 INFO o.a.j.t.JMeterThread: Thread finished: Thread Group 1-40
2026-02-04 08:45:40,174 INFO o.a.j.t.JMeterThread: Thread is done: Thread Group 1-41
2026-02-04 08:45:40,174 INFO o.a.j.t.JMeterThread: Thread finished: Thread Group 1-41
2026-02-04 08:45:40,185 INFO o.a.j.t.JMeterThread: Thread is done: Thread Group 1-39
2026-02-04 08:45:40,185 INFO o.a.j.t.JMeterThread: Thread finished: Thread Group 1-39
2026-02-04 08:45:40,261 INFO o.a.j.t.JMeterThread: Thread is done: Thread Group 1-43
2026-02-04 08:45:40,261 INFO o.a.j.t.JMeterThread: Thread finished: Thread Group 1-43
2026-02-04 08:45:40,276 INFO o.a.j.t.JMeterThread: Thread is done: Thread Group 1-44
2026-02-04 08:45:40,276 INFO o.a.j.t.JMeterThread: Thread finished: Thread Group 1-44
2026-02-04 08:45:40,287 INFO o.a.j.t.JMeterThread: Thread is done: Thread Group 1-47
2026-02-04 08:45:40,287 INFO o.a.j.t.JMeterThread: Thread finished: Thread Group 1-47
2026-02-04 08:45:40,317 INFO o.a.j.t.JMeterThread: Thread is done: Thread Group 1-45
2026-02-04 08:45:40,318 INFO o.a.j.t.JMeterThread: Thread finished: Thread Group 1-45
2026-02-04 08:45:40,332 INFO o.a.j.t.JMeterThread: Thread is done: Thread Group 1-46
2026-02-04 08:45:40,333 INFO o.a.j.t.JMeterThread: Thread finished: Thread Group 1-46
2026-02-04 08:45:40,374 INFO o.a.j.t.JMeterThread: Thread is done: Thread Group 1-49
2026-02-04 08:45:40,374 INFO o.a.j.t.JMeterThread: Thread finished: Thread Group 1-49
2026-02-04 08:45:40,386 INFO o.a.j.t.JMeterThread: Thread is done: Thread Group 1-48
2026-02-04 08:45:40,386 INFO o.a.j.t.JMeterThread: Thread finished: Thread Group 1-48
2026-02-04 08:45:40,391 INFO o.a.j.t.JMeterThread: Thread is done: Thread Group 1-50
2026-02-04 08:45:40,391 INFO o.a.j.t.JMeterThread: Thread finished: Thread Group 1-50
2026-02-04 08:45:40,391 INFO o.a.j.e.StandardJMeterEngine: Notifying test listeners of end of test
2026-02-04 08:45:40,392 INFO o.a.j.g.u.JMeterMenuBar: setRunning(false, *local*)
2026-02-04 09:54:49,500 INFO o.a.j.g.JMeterUIDefaults: Applying font scale factor: 1.6105101
2026-02-04 09:54:54,802 INFO o.a.j.g.JMeterUIDefaults: Applying font scale factor: 1.7715611
2026-02-04 09:55:05,280 INFO o.a.j.g.JMeterUIDefaults: Applying font scale factor: 1.6105101
2026-02-04 09:55:09,513 INFO o.a.j.g.JMeterUIDefaults: Applying font scale factor: 1.4641001
2026-02-04 09:55:13,688 INFO o.a.j.g.JMeterUIDefaults: Applying font scale factor: 1.3310001
2026-02-04 09:55:43,881 INFO o.a.j.g.JMeterUIDefaults: Applying font scale factor: 1.21
2026-02-04 13:35:38,614 INFO o.a.j.e.StandardJMeterEngine: Running the test!
2026-02-04 13:35:38,616 INFO o.a.j.s.SampleEvent: List of sample_variables: []
2026-02-04 13:35:38,620 INFO o.a.j.g.u.JMeterMenuBar: setRunning(true, *local*)
2026-02-04 13:35:38,915 INFO o.a.j.e.StandardJMeterEngine: Starting ThreadGroup: 1 : Thread Group
2026-02-04 13:35:38,916 INFO o.a.j.e.StandardJMeterEngine: Starting 50 threads for group Thread Group.
2026-02-04 13:35:38,916 INFO o.a.j.e.StandardJMeterEngine: Thread will continue on error
2026-02-04 13:35:38,916 INFO o.a.j.t.ThreadGroup: Starting thread group... number=1 threads=50 ramp-up=3 delayedStart=false
2026-02-04 13:35:38,917 INFO o.a.j.t.JMeterThread: Thread started: Thread Group 1-1
2026-02-04 13:35:38,929 INFO o.a.j.t.JMeterThread: Thread is done: Thread Group 1-1
2026-02-04 13:35:38,929 INFO o.a.j.t.JMeterThread: Thread finished: Thread Group 1-1
2026-02-04 13:35:38,934 INFO o.a.j.t.ThreadGroup: Started thread group number 1
2026-02-04 13:35:38,934 INFO o.a.j.e.StandardJMeterEngine: All thread groups have been started
2026-02-04 13:35:38,976 INFO o.a.j.t.JMeterThread: Thread started: Thread Group 1-2
2026-02-04 13:35:38,982 INFO o.a.j.t.JMeterThread: Thread is done: Thread Group 1-2
2026-02-04 13:35:38,982 INFO o.a.j.t.JMeterThread: Thread finished: Thread Group 1-2
2026-02-04 13:35:39,036 INFO o.a.j.t.JMeterThread: Thread started: Thread Group 1-3
2026-02-04 13:35:39,041 INFO o.a.j.t.JMeterThread: Thread is done: Thread Group 1-3
2026-02-04 13:35:39,041 INFO o.a.j.t.JMeterThread: Thread finished: Thread Group 1-3
2026-02-04 13:35:39,097 INFO o.a.j.t.JMeterThread: Thread started: Thread Group 1-4
2026-02-04 13:35:39,102 INFO o.a.j.t.JMeterThread: Thread is done: Thread Group 1-4
2026-02-04 13:35:39,102 INFO o.a.j.t.JMeterThread: Thread finished: Thread Group 1-4
2026-02-04 13:35:39,157 INFO o.a.j.t.JMeterThread: Thread started: Thread Group 1-5
2026-02-04 13:35:39,177 INFO o.a.j.t.JMeterThread: Thread is done: Thread Group 1-5
2026-02-04 13:35:39,177 INFO o.a.j.t.JMeterThread: Thread finished: Thread Group 1-5
2026-02-04 13:35:39,216 INFO o.a.j.t.JMeterThread: Thread started: Thread Group 1-6
2026-02-04 13:35:39,236 INFO o.a.j.t.JMeterThread: Thread is done: Thread Group 1-6
2026-02-04 13:35:39,237 INFO o.a.j.t.JMeterThread: Thread finished: Thread Group 1-6
2026-02-04 13:35:39,277 INFO o.a.j.t.JMeterThread: Thread started: Thread Group 1-7
2026-02-04 13:35:39,291 INFO o.a.j.t.JMeterThread: Thread is done: Thread Group 1-7
2026-02-04 13:35:39,292 INFO o.a.j.t.JMeterThread: Thread finished: Thread Group 1-7
2026-02-04 13:35:39,337 INFO o.a.j.t.JMeterThread: Thread started: Thread Group 1-8
2026-02-04 13:35:39,353 INFO o.a.j.t.JMeterThread: Thread is done: Thread Group 1-8
2026-02-04 13:35:39,354 INFO o.a.j.t.JMeterThread: Thread finished: Thread Group 1-8
2026-02-04 13:35:39,397 INFO o.a.j.t.JMeterThread: Thread started: Thread Group 1-9
2026-02-04 13:35:39,412 INFO o.a.j.t.JMeterThread: Thread is done: Thread Group 1-9
2026-02-04 13:35:39,413 INFO o.a.j.t.JMeterThread: Thread finished: Thread Group 1-9
2026-02-04 13:35:39,457 INFO o.a.j.t.JMeterThread: Thread started: Thread Group 1-10
2026-02-04 13:35:39,476 INFO o.a.j.t.JMeterThread: Thread is done: Thread Group 1-10
2026-02-04 13:35:39,476 INFO o.a.j.t.JMeterThread: Thread finished: Thread Group 1-10
2026-02-04 13:35:39,517 INFO o.a.j.t.JMeterThread: Thread started: Thread Group 1-11
2026-02-04 13:35:39,523 INFO o.a.j.t.JMeterThread: Thread is done: Thread Group 1-11
2026-02-04 13:35:39,524 INFO o.a.j.t.JMeterThread: Thread finished: Thread Group 1-11
2026-02-04 13:35:39,577 INFO o.a.j.t.JMeterThread: Thread started: Thread Group 1-12
2026-02-04 13:35:39,590 INFO o.a.j.t.JMeterThread: Thread is done: Thread Group 1-12
2026-02-04 13:35:39,591 INFO o.a.j.t.JMeterThread: Thread finished: Thread Group 1-12
2026-02-04 13:35:39,636 INFO o.a.j.t.JMeterThread: Thread started: Thread Group 1-13
2026-02-04 13:35:39,654 INFO o.a.j.t.JMeterThread: Thread is done: Thread Group 1-13
2026-02-04 13:35:39,655 INFO o.a.j.t.JMeterThread: Thread finished: Thread Group 1-13
2026-02-04 13:35:39,697 INFO o.a.j.t.JMeterThread: Thread started: Thread Group 1-14
2026-02-04 13:35:39,713 INFO o.a.j.t.JMeterThread: Thread is done: Thread Group 1-14
2026-02-04 13:35:39,713 INFO o.a.j.t.JMeterThread: Thread finished: Thread Group 1-14
2026-02-04 13:35:39,757 INFO o.a.j.t.JMeterThread: Thread started: Thread Group 1-15
2026-02-04 13:35:39,774 INFO o.a.j.t.JMeterThread: Thread is done: Thread Group 1-15
2026-02-04 13:35:39,775 INFO o.a.j.t.JMeterThread: Thread finished: Thread Group 1-15
2026-02-04 13:35:39,817 INFO o.a.j.t.JMeterThread: Thread started: Thread Group 1-16
2026-02-04 13:35:39,826 INFO o.a.j.t.JMeterThread: Thread is done: Thread Group 1-16
2026-02-04 13:35:39,826 INFO o.a.j.t.JMeterThread: Thread finished: Thread Group 1-16
2026-02-04 13:35:39,877 INFO o.a.j.t.JMeterThread: Thread started: Thread Group 1-17
2026-02-04 13:35:39,890 INFO o.a.j.t.JMeterThread: Thread is done: Thread Group 1-17
2026-02-04 13:35:39,890 INFO o.a.j.t.JMeterThread: Thread finished: Thread Group 1-17
2026-02-04 13:35:39,937 INFO o.a.j.t.JMeterThread: Thread started: Thread Group 1-18
2026-02-04 13:35:39,947 INFO o.a.j.t.JMeterThread: Thread is done: Thread Group 1-18
2026-02-04 13:35:39,948 INFO o.a.j.t.JMeterThread: Thread finished: Thread Group 1-18
2026-02-04 13:35:39,997 INFO o.a.j.t.JMeterThread: Thread started: Thread Group 1-19
2026-02-04 13:35:40,012 INFO o.a.j.t.JMeterThread: Thread is done: Thread Group 1-19
2026-02-04 13:35:40,012 INFO o.a.j.t.JMeterThread: Thread finished: Thread Group 1-19
2026-02-04 13:35:40,057 INFO o.a.j.t.JMeterThread: Thread started: Thread Group 1-20
2026-02-04 13:35:40,073 INFO o.a.j.t.JMeterThread: Thread is done: Thread Group 1-20
2026-02-04 13:35:40,073 INFO o.a.j.t.JMeterThread: Thread finished: Thread Group 1-20
2026-02-04 13:35:40,116 INFO o.a.j.t.JMeterThread: Thread started: Thread Group 1-21
2026-02-04 13:35:40,131 INFO o.a.j.t.JMeterThread: Thread is done: Thread Group 1-21
2026-02-04 13:35:40,132 INFO o.a.j.t.JMeterThread: Thread finished: Thread Group 1-21
2026-02-04 13:35:40,177 INFO o.a.j.t.JMeterThread: Thread started: Thread Group 1-22
2026-02-04 13:35:40,183 INFO o.a.j.t.JMeterThread: Thread is done: Thread Group 1-22
2026-02-04 13:35:40,183 INFO o.a.j.t.JMeterThread: Thread finished: Thread Group 1-22
2026-02-04 13:35:40,237 INFO o.a.j.t.JMeterThread: Thread started: Thread Group 1-23
2026-02-04 13:35:40,252 INFO o.a.j.t.JMeterThread: Thread is done: Thread Group 1-23
2026-02-04 13:35:40,252 INFO o.a.j.t.JMeterThread: Thread finished: Thread Group 1-23
2026-02-04 13:35:40,297 INFO o.a.j.t.JMeterThread: Thread started: Thread Group 1-24
2026-02-04 13:35:40,312 INFO o.a.j.t.JMeterThread: Thread is done: Thread Group 1-24
2026-02-04 13:35:40,312 INFO o.a.j.t.JMeterThread: Thread finished: Thread Group 1-24
2026-02-04 13:35:40,358 INFO o.a.j.t.JMeterThread: Thread started: Thread Group 1-25
2026-02-04 13:35:40,366 INFO o.a.j.t.JMeterThread: Thread is done: Thread Group 1-25
2026-02-04 13:35:40,366 INFO o.a.j.t.JMeterThread: Thread finished: Thread Group 1-25
2026-02-04 13:35:40,418 INFO o.a.j.t.JMeterThread: Thread started: Thread Group 1-26
2026-02-04 13:35:40,422 INFO o.a.j.t.JMeterThread: Thread is done: Thread Group 1-26
2026-02-04 13:35:40,422 INFO o.a.j.t.JMeterThread: Thread finished: Thread Group 1-26
2026-02-04 13:35:40,477 INFO o.a.j.t.JMeterThread: Thread started: Thread Group 1-27
2026-02-04 13:35:40,482 INFO o.a.j.t.JMeterThread: Thread is done: Thread Group 1-27
2026-02-04 13:35:40,482 INFO o.a.j.t.JMeterThread: Thread finished: Thread Group 1-27
2026-02-04 13:35:40,537 INFO o.a.j.t.JMeterThread: Thread started: Thread Group 1-28
2026-02-04 13:35:40,542 INFO o.a.j.t.JMeterThread: Thread is done: Thread Group 1-28
2026-02-04 13:35:40,542 INFO o.a.j.t.JMeterThread: Thread finished: Thread Group 1-28
2026-02-04 13:35:40,598 INFO o.a.j.t.JMeterThread: Thread started: Thread Group 1-29
2026-02-04 13:35:40,601 INFO o.a.j.t.JMeterThread: Thread is done: Thread Group 1-29
2026-02-04 13:35:40,602 INFO o.a.j.t.JMeterThread: Thread finished: Thread Group 1-29
2026-02-04 13:35:40,656 INFO o.a.j.t.JMeterThread: Thread started: Thread Group 1-30
2026-02-04 13:35:40,660 INFO o.a.j.t.JMeterThread: Thread is done: Thread Group 1-30
2026-02-04 13:35:40,660 INFO o.a.j.t.JMeterThread: Thread finished: Thread Group 1-30
2026-02-04 13:35:40,718 INFO o.a.j.t.JMeterThread: Thread started: Thread Group 1-31
2026-02-04 13:35:40,722 INFO o.a.j.t.JMeterThread: Thread is done: Thread Group 1-31
2026-02-04 13:35:40,722 INFO o.a.j.t.JMeterThread: Thread finished: Thread Group 1-31
2026-02-04 13:35:40,777 INFO o.a.j.t.JMeterThread: Thread started: Thread Group 1-32
2026-02-04 13:35:40,791 INFO o.a.j.t.JMeterThread: Thread is done: Thread Group 1-32
2026-02-04 13:35:40,792 INFO o.a.j.t.JMeterThread: Thread finished: Thread Group 1-32
2026-02-04 13:35:40,837 INFO o.a.j.t.JMeterThread: Thread started: Thread Group 1-33
2026-02-04 13:35:40,855 INFO o.a.j.t.JMeterThread: Thread is done: Thread Group 1-33
2026-02-04 13:35:40,855 INFO o.a.j.t.JMeterThread: Thread finished: Thread Group 1-33
2026-02-04 13:35:40,896 INFO o.a.j.t.JMeterThread: Thread started: Thread Group 1-34
2026-02-04 13:35:40,904 INFO o.a.j.t.JMeterThread: Thread is done: Thread Group 1-34
2026-02-04 13:35:40,905 INFO o.a.j.t.JMeterThread: Thread finished: Thread Group 1-34
2026-02-04 13:35:40,956 INFO o.a.j.t.JMeterThread: Thread started: Thread Group 1-35
2026-02-04 13:35:40,967 INFO o.a.j.t.JMeterThread: Thread is done: Thread Group 1-35
2026-02-04 13:35:40,967 INFO o.a.j.t.JMeterThread: Thread finished: Thread Group 1-35
2026-02-04 13:35:41,017 INFO o.a.j.t.JMeterThread: Thread started: Thread Group 1-36
2026-02-04 13:35:41,028 INFO o.a.j.t.JMeterThread: Thread is done: Thread Group 1-36
2026-02-04 13:35:41,028 INFO o.a.j.t.JMeterThread: Thread finished: Thread Group 1-36
2026-02-04 13:35:41,077 INFO o.a.j.t.JMeterThread: Thread started: Thread Group 1-37
2026-02-04 13:35:41,092 INFO o.a.j.t.JMeterThread: Thread is done: Thread Group 1-37
2026-02-04 13:35:41,092 INFO o.a.j.t.JMeterThread: Thread finished: Thread Group 1-37
2026-02-04 13:35:41,137 INFO o.a.j.t.JMeterThread: Thread started: Thread Group 1-38
2026-02-04 13:35:41,150 INFO o.a.j.t.JMeterThread: Thread is done: Thread Group 1-38
2026-02-04 13:35:41,150 INFO o.a.j.t.JMeterThread: Thread finished: Thread Group 1-38
2026-02-04 13:35:41,197 INFO o.a.j.t.JMeterThread: Thread started: Thread Group 1-39
2026-02-04 13:35:41,210 INFO o.a.j.t.JMeterThread: Thread is done: Thread Group 1-39
2026-02-04 13:35:41,210 INFO o.a.j.t.JMeterThread: Thread finished: Thread Group 1-39
2026-02-04 13:35:41,258 INFO o.a.j.t.JMeterThread: Thread started: Thread Group 1-40
2026-02-04 13:35:41,273 INFO o.a.j.t.JMeterThread: Thread is done: Thread Group 1-40
2026-02-04 13:35:41,273 INFO o.a.j.t.JMeterThread: Thread finished: Thread Group 1-40
2026-02-04 13:35:41,317 INFO o.a.j.t.JMeterThread: Thread started: Thread Group 1-41
2026-02-04 13:35:41,328 INFO o.a.j.t.JMeterThread: Thread is done: Thread Group 1-41
2026-02-04 13:35:41,328 INFO o.a.j.t.JMeterThread: Thread finished: Thread Group 1-41
2026-02-04 13:35:41,377 INFO o.a.j.t.JMeterThread: Thread started: Thread Group 1-42
2026-02-04 13:35:41,383 INFO o.a.j.t.JMeterThread: Thread is done: Thread Group 1-42
2026-02-04 13:35:41,383 INFO o.a.j.t.JMeterThread: Thread finished: Thread Group 1-42
2026-02-04 13:35:41,437 INFO o.a.j.t.JMeterThread: Thread started: Thread Group 1-43
2026-02-04 13:35:41,443 INFO o.a.j.t.JMeterThread: Thread is done: Thread Group 1-43
2026-02-04 13:35:41,443 INFO o.a.j.t.JMeterThread: Thread finished: Thread Group 1-43
2026-02-04 13:35:41,496 INFO o.a.j.t.JMeterThread: Thread started: Thread Group 1-44
2026-02-04 13:35:41,501 INFO o.a.j.t.JMeterThread: Thread is done: Thread Group 1-44
2026-02-04 13:35:41,501 INFO o.a.j.t.JMeterThread: Thread finished: Thread Group 1-44
2026-02-04 13:35:41,556 INFO o.a.j.t.JMeterThread: Thread started: Thread Group 1-45
2026-02-04 13:35:41,571 INFO o.a.j.t.JMeterThread: Thread is done: Thread Group 1-45
2026-02-04 13:35:41,571 INFO o.a.j.t.JMeterThread: Thread finished: Thread Group 1-45
2026-02-04 13:35:41,617 INFO o.a.j.t.JMeterThread: Thread started: Thread Group 1-46
2026-02-04 13:35:41,621 INFO o.a.j.t.JMeterThread: Thread is done: Thread Group 1-46
2026-02-04 13:35:41,622 INFO o.a.j.t.JMeterThread: Thread finished: Thread Group 1-46
2026-02-04 13:35:41,678 INFO o.a.j.t.JMeterThread: Thread started: Thread Group 1-47
2026-02-04 13:35:41,691 INFO o.a.j.t.JMeterThread: Thread is done: Thread Group 1-47
2026-02-04 13:35:41,691 INFO o.a.j.t.JMeterThread: Thread finished: Thread Group 1-47
2026-02-04 13:35:41,737 INFO o.a.j.t.JMeterThread: Thread started: Thread Group 1-48
2026-02-04 13:35:41,748 INFO o.a.j.t.JMeterThread: Thread is done: Thread Group 1-48
2026-02-04 13:35:41,749 INFO o.a.j.t.JMeterThread: Thread finished: Thread Group 1-48
2026-02-04 13:35:41,797 INFO o.a.j.t.JMeterThread: Thread started: Thread Group 1-49
2026-02-04 13:35:41,809 INFO o.a.j.t.JMeterThread: Thread is done: Thread Group 1-49
2026-02-04 13:35:41,810 INFO o.a.j.t.JMeterThread: Thread finished: Thread Group 1-49
2026-02-04 13:35:41,857 INFO o.a.j.t.JMeterThread: Thread started: Thread Group 1-50
2026-02-04 13:35:41,876 INFO o.a.j.t.JMeterThread: Thread is done: Thread Group 1-50
2026-02-04 13:35:41,876 INFO o.a.j.t.JMeterThread: Thread finished: Thread Group 1-50
2026-02-04 13:35:41,877 INFO o.a.j.e.StandardJMeterEngine: Notifying test listeners of end of test
2026-02-04 13:35:41,878 INFO o.a.j.g.u.JMeterMenuBar: setRunning(false, *local*)
2026-02-04 13:40:12,261 INFO o.a.j.e.StandardJMeterEngine: Running the test!
2026-02-04 13:40:12,262 INFO o.a.j.s.SampleEvent: List of sample_variables: []
2026-02-04 13:40:12,266 INFO o.a.j.g.u.JMeterMenuBar: setRunning(true, *local*)
2026-02-04 13:40:12,269 INFO o.a.j.e.StandardJMeterEngine: Starting ThreadGroup: 1 : Thread Group
2026-02-04 13:40:12,269 INFO o.a.j.e.StandardJMeterEngine: Starting 50 threads for group Thread Group.
2026-02-04 13:40:12,269 INFO o.a.j.e.StandardJMeterEngine: Thread will continue on error
2026-02-04 13:40:12,270 INFO o.a.j.t.ThreadGroup: Starting thread group... number=1 threads=50 ramp-up=3 delayedStart=false
2026-02-04 13:40:12,287 INFO o.a.j.t.JMeterThread: Thread started: Thread Group 1-1
2026-02-04 13:40:12,294 INFO o.a.j.t.JMeterThread: Thread is done: Thread Group 1-1
2026-02-04 13:40:12,294 INFO o.a.j.t.JMeterThread: Thread finished: Thread Group 1-1
2026-02-04 13:40:12,305 INFO o.a.j.t.ThreadGroup: Started thread group number 1
2026-02-04 13:40:12,306 INFO o.a.j.e.StandardJMeterEngine: All thread groups have been started
2026-02-04 13:40:12,334 INFO o.a.j.t.JMeterThread: Thread started: Thread Group 1-2
2026-02-04 13:40:12,339 INFO o.a.j.t.JMeterThread: Thread is done: Thread Group 1-2
2026-02-04 13:40:12,339 INFO o.a.j.t.JMeterThread: Thread finished: Thread Group 1-2
2026-02-04 13:40:12,391 INFO o.a.j.t.JMeterThread: Thread started: Thread Group 1-3
2026-02-04 13:40:12,395 INFO o.a.j.t.JMeterThread: Thread is done: Thread Group 1-3
2026-02-04 13:40:12,395 INFO o.a.j.t.JMeterThread: Thread finished: Thread Group 1-3
2026-02-04 13:40:12,451 INFO o.a.j.t.JMeterThread: Thread started: Thread Group 1-4
2026-02-04 13:40:12,454 INFO o.a.j.t.JMeterThread: Thread is done: Thread Group 1-4
2026-02-04 13:40:12,454 INFO o.a.j.t.JMeterThread: Thread finished: Thread Group 1-4
2026-02-04 13:40:12,511 INFO o.a.j.t.JMeterThread: Thread started: Thread Group 1-5
2026-02-04 13:40:12,520 INFO o.a.j.t.JMeterThread: Thread is done: Thread Group 1-5
2026-02-04 13:40:12,520 INFO o.a.j.t.JMeterThread: Thread finished: Thread Group 1-5
2026-02-04 13:40:12,571 INFO o.a.j.t.JMeterThread: Thread started: Thread Group 1-6
2026-02-04 13:40:12,580 INFO o.a.j.t.JMeterThread: Thread is done: Thread Group 1-6
2026-02-04 13:40:12,580 INFO o.a.j.t.JMeterThread: Thread finished: Thread Group 1-6
2026-02-04 13:40:12,631 INFO o.a.j.t.JMeterThread: Thread started: Thread Group 1-7
2026-02-04 13:40:12,638 INFO o.a.j.t.JMeterThread: Thread is done: Thread Group 1-7
2026-02-04 13:40:12,638 INFO o.a.j.t.JMeterThread: Thread finished: Thread Group 1-7
2026-02-04 13:40:12,692 INFO o.a.j.t.JMeterThread: Thread started: Thread Group 1-8
2026-02-04 13:40:12,703 INFO o.a.j.t.JMeterThread: Thread is done: Thread Group 1-8
2026-02-04 13:40:12,704 INFO o.a.j.t.JMeterThread: Thread finished: Thread Group 1-8
2026-02-04 13:40:12,751 INFO o.a.j.t.JMeterThread: Thread started: Thread Group 1-9
2026-02-04 13:40:12,762 INFO o.a.j.t.JMeterThread: Thread is done: Thread Group 1-9
2026-02-04 13:40:12,762 INFO o.a.j.t.JMeterThread: Thread finished: Thread Group 1-9
2026-02-04 13:40:12,811 INFO o.a.j.t.JMeterThread: Thread started: Thread Group 1-10
2026-02-04 13:40:12,823 INFO o.a.j.t.JMeterThread: Thread is done: Thread Group 1-10
2026-02-04 13:40:12,823 INFO o.a.j.t.JMeterThread: Thread finished: Thread Group 1-10
2026-02-04 13:40:12,871 INFO o.a.j.t.JMeterThread: Thread started: Thread Group 1-11
2026-02-04 13:40:12,885 INFO o.a.j.t.JMeterThread: Thread is done: Thread Group 1-11
2026-02-04 13:40:12,885 INFO o.a.j.t.JMeterThread: Thread finished: Thread Group 1-11
2026-02-04 13:40:12,931 INFO o.a.j.t.JMeterThread: Thread started: Thread Group 1-12
2026-02-04 13:40:12,944 INFO o.a.j.t.JMeterThread: Thread is done: Thread Group 1-12
2026-02-04 13:40:12,944 INFO o.a.j.t.JMeterThread: Thread finished: Thread Group 1-12
2026-02-04 13:40:12,991 INFO o.a.j.t.JMeterThread: Thread started: Thread Group 1-13
2026-02-04 13:40:13,007 INFO o.a.j.t.JMeterThread: Thread is done: Thread Group 1-13
2026-02-04 13:40:13,007 INFO o.a.j.t.JMeterThread: Thread finished: Thread Group 1-13
2026-02-04 13:40:13,051 INFO o.a.j.t.JMeterThread: Thread started: Thread Group 1-14
2026-02-04 13:40:13,055 INFO o.a.j.t.JMeterThread: Thread is done: Thread Group 1-14
2026-02-04 13:40:13,055 INFO o.a.j.t.JMeterThread: Thread finished: Thread Group 1-14
2026-02-04 13:40:13,111 INFO o.a.j.t.JMeterThread: Thread started: Thread Group 1-15
2026-02-04 13:40:13,114 INFO o.a.j.t.JMeterThread: Thread is done: Thread Group 1-15
2026-02-04 13:40:13,114 INFO o.a.j.t.JMeterThread: Thread finished: Thread Group 1-15
2026-02-04 13:40:13,171 INFO o.a.j.t.JMeterThread: Thread started: Thread Group 1-16
2026-02-04 13:40:13,184 INFO o.a.j.t.JMeterThread: Thread is done: Thread Group 1-16
2026-02-04 13:40:13,184 INFO o.a.j.t.JMeterThread: Thread finished: Thread Group 1-16
2026-02-04 13:40:13,231 INFO o.a.j.t.JMeterThread: Thread started: Thread Group 1-17
2026-02-04 13:40:13,242 INFO o.a.j.t.JMeterThread: Thread is done: Thread Group 1-17
2026-02-04 13:40:13,242 INFO o.a.j.t.JMeterThread: Thread finished: Thread Group 1-17
2026-02-04 13:40:13,291 INFO o.a.j.t.JMeterThread: Thread started: Thread Group 1-18
2026-02-04 13:40:13,305 INFO o.a.j.t.JMeterThread: Thread is done: Thread Group 1-18
2026-02-04 13:40:13,305 INFO o.a.j.t.JMeterThread: Thread finished: Thread Group 1-18
2026-02-04 13:40:13,350 INFO o.a.j.t.JMeterThread: Thread started: Thread Group 1-19
2026-02-04 13:40:13,364 INFO o.a.j.t.JMeterThread: Thread is done: Thread Group 1-19
2026-02-04 13:40:13,364 INFO o.a.j.t.JMeterThread: Thread finished: Thread Group 1-19
2026-02-04 13:40:13,412 INFO o.a.j.t.JMeterThread: Thread started: Thread Group 1-20
2026-02-04 13:40:13,418 INFO o.a.j.t.JMeterThread: Thread is done: Thread Group 1-20
2026-02-04 13:40:13,418 INFO o.a.j.t.JMeterThread: Thread finished: Thread Group 1-20
2026-02-04 13:40:13,471 INFO o.a.j.t.JMeterThread: Thread started: Thread Group 1-21
2026-02-04 13:40:13,482 INFO o.a.j.t.JMeterThread: Thread is done: Thread Group 1-21
2026-02-04 13:40:13,482 INFO o.a.j.t.JMeterThread: Thread finished: Thread Group 1-21
2026-02-04 13:40:13,531 INFO o.a.j.t.JMeterThread: Thread started: Thread Group 1-22
2026-02-04 13:40:13,544 INFO o.a.j.t.JMeterThread: Thread is done: Thread Group 1-22
2026-02-04 13:40:13,545 INFO o.a.j.t.JMeterThread: Thread finished: Thread Group 1-22
2026-02-04 13:40:13,591 INFO o.a.j.t.JMeterThread: Thread started: Thread Group 1-23
2026-02-04 13:40:13,600 INFO o.a.j.t.JMeterThread: Thread is done: Thread Group 1-23
2026-02-04 13:40:13,601 INFO o.a.j.t.JMeterThread: Thread finished: Thread Group 1-23
2026-02-04 13:40:13,651 INFO o.a.j.t.JMeterThread: Thread started: Thread Group 1-24
2026-02-04 13:40:13,663 INFO o.a.j.t.JMeterThread: Thread is done: Thread Group 1-24
2026-02-04 13:40:13,664 INFO o.a.j.t.JMeterThread: Thread finished: Thread Group 1-24
2026-02-04 13:40:13,711 INFO o.a.j.t.JMeterThread: Thread started: Thread Group 1-25
2026-02-04 13:40:13,723 INFO o.a.j.t.JMeterThread: Thread is done: Thread Group 1-25
2026-02-04 13:40:13,723 INFO o.a.j.t.JMeterThread: Thread finished: Thread Group 1-25
2026-02-04 13:40:13,771 INFO o.a.j.t.JMeterThread: Thread started: Thread Group 1-26
2026-02-04 13:40:13,791 INFO o.a.j.t.JMeterThread: Thread is done: Thread Group 1-26
2026-02-04 13:40:13,792 INFO o.a.j.t.JMeterThread: Thread finished: Thread Group 1-26
2026-02-04 13:40:13,831 INFO o.a.j.t.JMeterThread: Thread started: Thread Group 1-27
2026-02-04 13:40:13,844 INFO o.a.j.t.JMeterThread: Thread is done: Thread Group 1-27
2026-02-04 13:40:13,844 INFO o.a.j.t.JMeterThread: Thread finished: Thread Group 1-27
2026-02-04 13:40:13,890 INFO o.a.j.t.JMeterThread: Thread started: Thread Group 1-28
2026-02-04 13:40:13,909 INFO o.a.j.t.JMeterThread: Thread is done: Thread Group 1-28
2026-02-04 13:40:13,909 INFO o.a.j.t.JMeterThread: Thread finished: Thread Group 1-28
2026-02-04 13:40:13,951 INFO o.a.j.t.JMeterThread: Thread started: Thread Group 1-29
2026-02-04 13:40:13,966 INFO o.a.j.t.JMeterThread: Thread is done: Thread Group 1-29
2026-02-04 13:40:13,966 INFO o.a.j.t.JMeterThread: Thread finished: Thread Group 1-29
2026-02-04 13:40:14,011 INFO o.a.j.t.JMeterThread: Thread started: Thread Group 1-30
2026-02-04 13:40:14,016 INFO o.a.j.t.JMeterThread: Thread is done: Thread Group 1-30
2026-02-04 13:40:14,017 INFO o.a.j.t.JMeterThread: Thread finished: Thread Group 1-30
2026-02-04 13:40:14,071 INFO o.a.j.t.JMeterThread: Thread started: Thread Group 1-31
2026-02-04 13:40:14,075 INFO o.a.j.t.JMeterThread: Thread is done: Thread Group 1-31
2026-02-04 13:40:14,075 INFO o.a.j.t.JMeterThread: Thread finished: Thread Group 1-31
2026-02-04 13:40:14,131 INFO o.a.j.t.JMeterThread: Thread started: Thread Group 1-32
2026-02-04 13:40:14,142 INFO o.a.j.t.JMeterThread: Thread is done: Thread Group 1-32
2026-02-04 13:40:14,142 INFO o.a.j.t.JMeterThread: Thread finished: Thread Group 1-32
2026-02-04 13:40:14,191 INFO o.a.j.t.JMeterThread: Thread started: Thread Group 1-33
2026-02-04 13:40:14,208 INFO o.a.j.t.JMeterThread: Thread is done: Thread Group 1-33
2026-02-04 13:40:14,209 INFO o.a.j.t.JMeterThread: Thread finished: Thread Group 1-33
2026-02-04 13:40:14,250 INFO o.a.j.t.JMeterThread: Thread started: Thread Group 1-34
2026-02-04 13:40:14,263 INFO o.a.j.t.JMeterThread: Thread is done: Thread Group 1-34
2026-02-04 13:40:14,263 INFO o.a.j.t.JMeterThread: Thread finished: Thread Group 1-34
2026-02-04 13:40:14,310 INFO o.a.j.t.JMeterThread: Thread started: Thread Group 1-35
2026-02-04 13:40:14,323 INFO o.a.j.t.JMeterThread: Thread is done: Thread Group 1-35
2026-02-04 13:40:14,324 INFO o.a.j.t.JMeterThread: Thread finished: Thread Group 1-35
2026-02-04 13:40:14,371 INFO o.a.j.t.JMeterThread: Thread started: Thread Group 1-36
2026-02-04 13:40:14,376 INFO o.a.j.t.JMeterThread: Thread is done: Thread Group 1-36
2026-02-04 13:40:14,376 INFO o.a.j.t.JMeterThread: Thread finished: Thread Group 1-36
2026-02-04 13:40:14,431 INFO o.a.j.t.JMeterThread: Thread started: Thread Group 1-37
2026-02-04 13:40:14,444 INFO o.a.j.t.JMeterThread: Thread is done: Thread Group 1-37
2026-02-04 13:40:14,444 INFO o.a.j.t.JMeterThread: Thread finished: Thread Group 1-37
2026-02-04 13:40:14,491 INFO o.a.j.t.JMeterThread: Thread started: Thread Group 1-38
2026-02-04 13:40:14,505 INFO o.a.j.t.JMeterThread: Thread is done: Thread Group 1-38
2026-02-04 13:40:14,505 INFO o.a.j.t.JMeterThread: Thread finished: Thread Group 1-38
2026-02-04 13:40:14,551 INFO o.a.j.t.JMeterThread: Thread started: Thread Group 1-39
2026-02-04 13:40:14,562 INFO o.a.j.t.JMeterThread: Thread is done: Thread Group 1-39
2026-02-04 13:40:14,563 INFO o.a.j.t.JMeterThread: Thread finished: Thread Group 1-39
2026-02-04 13:40:14,611 INFO o.a.j.t.JMeterThread: Thread started: Thread Group 1-40
2026-02-04 13:40:14,617 INFO o.a.j.t.JMeterThread: Thread is done: Thread Group 1-40
2026-02-04 13:40:14,617 INFO o.a.j.t.JMeterThread: Thread finished: Thread Group 1-40
2026-02-04 13:40:14,671 INFO o.a.j.t.JMeterThread: Thread started: Thread Group 1-41
2026-02-04 13:40:14,681 INFO o.a.j.t.JMeterThread: Thread is done: Thread Group 1-41
2026-02-04 13:40:14,681 INFO o.a.j.t.JMeterThread: Thread finished: Thread Group 1-41
2026-02-04 13:40:14,730 INFO o.a.j.t.JMeterThread: Thread started: Thread Group 1-42
2026-02-04 13:40:14,740 INFO o.a.j.t.JMeterThread: Thread is done: Thread Group 1-42
2026-02-04 13:40:14,740 INFO o.a.j.t.JMeterThread: Thread finished: Thread Group 1-42
2026-02-04 13:40:14,791 INFO o.a.j.t.JMeterThread: Thread started: Thread Group 1-43
2026-02-04 13:40:14,806 INFO o.a.j.t.JMeterThread: Thread is done: Thread Group 1-43
2026-02-04 13:40:14,807 INFO o.a.j.t.JMeterThread: Thread finished: Thread Group 1-43
2026-02-04 13:40:14,850 INFO o.a.j.t.JMeterThread: Thread started: Thread Group 1-44
2026-02-04 13:40:14,861 INFO o.a.j.t.JMeterThread: Thread is done: Thread Group 1-44
2026-02-04 13:40:14,861 INFO o.a.j.t.JMeterThread: Thread finished: Thread Group 1-44
2026-02-04 13:40:14,911 INFO o.a.j.t.JMeterThread: Thread started: Thread Group 1-45
2026-02-04 13:40:14,927 INFO o.a.j.t.JMeterThread: Thread is done: Thread Group 1-45
2026-02-04 13:40:14,927 INFO o.a.j.t.JMeterThread: Thread finished: Thread Group 1-45
2026-02-04 13:40:14,971 INFO o.a.j.t.JMeterThread: Thread started: Thread Group 1-46
2026-02-04 13:40:14,981 INFO o.a.j.t.JMeterThread: Thread is done: Thread Group 1-46
2026-02-04 13:40:14,982 INFO o.a.j.t.JMeterThread: Thread finished: Thread Group 1-46
2026-02-04 13:40:15,031 INFO o.a.j.t.JMeterThread: Thread started: Thread Group 1-47
2026-02-04 13:40:15,046 INFO o.a.j.t.JMeterThread: Thread is done: Thread Group 1-47
2026-02-04 13:40:15,047 INFO o.a.j.t.JMeterThread: Thread finished: Thread Group 1-47
2026-02-04 13:40:15,091 INFO o.a.j.t.JMeterThread: Thread started: Thread Group 1-48
2026-02-04 13:40:15,103 INFO o.a.j.t.JMeterThread: Thread is done: Thread Group 1-48
2026-02-04 13:40:15,103 INFO o.a.j.t.JMeterThread: Thread finished: Thread Group 1-48
2026-02-04 13:40:15,150 INFO o.a.j.t.JMeterThread: Thread started: Thread Group 1-49
2026-02-04 13:40:15,164 INFO o.a.j.t.JMeterThread: Thread is done: Thread Group 1-49
2026-02-04 13:40:15,164 INFO o.a.j.t.JMeterThread: Thread finished: Thread Group 1-49
2026-02-04 13:40:15,211 INFO o.a.j.t.JMeterThread: Thread started: Thread Group 1-50
2026-02-04 13:40:15,223 INFO o.a.j.t.JMeterThread: Thread is done: Thread Group 1-50
2026-02-04 13:40:15,224 INFO o.a.j.t.JMeterThread: Thread finished: Thread Group 1-50
2026-02-04 13:40:15,224 INFO o.a.j.e.StandardJMeterEngine: Notifying test listeners of end of test
2026-02-04 13:40:15,225 INFO o.a.j.g.u.JMeterMenuBar: setRunning(false, *local*)
2026-02-04 13:41:41,734 INFO o.a.j.e.StandardJMeterEngine: Running the test!
2026-02-04 13:41:41,734 INFO o.a.j.s.SampleEvent: List of sample_variables: []
2026-02-04 13:41:41,736 INFO o.a.j.g.u.JMeterMenuBar: setRunning(true, *local*)
2026-02-04 13:41:41,736 INFO o.a.j.e.StandardJMeterEngine: Starting ThreadGroup: 1 : Thread Group
2026-02-04 13:41:41,737 INFO o.a.j.e.StandardJMeterEngine: Starting 50 threads for group Thread Group.
2026-02-04 13:41:41,737 INFO o.a.j.e.StandardJMeterEngine: Thread will continue on error
2026-02-04 13:41:41,737 INFO o.a.j.t.ThreadGroup: Starting thread group... number=1 threads=50 ramp-up=3 delayedStart=false
2026-02-04 13:41:41,746 INFO o.a.j.t.JMeterThread: Thread started: Thread Group 1-1
2026-02-04 13:41:41,771 INFO o.a.j.t.ThreadGroup: Started thread group number 1
2026-02-04 13:41:41,772 INFO o.a.j.e.StandardJMeterEngine: All thread groups have been started
2026-02-04 13:41:41,800 INFO o.a.j.t.JMeterThread: Thread started: Thread Group 1-2
2026-02-04 13:41:41,858 INFO o.a.j.t.JMeterThread: Thread started: Thread Group 1-3
2026-02-04 13:41:41,917 INFO o.a.j.t.JMeterThread: Thread started: Thread Group 1-4
2026-02-04 13:41:41,978 INFO o.a.j.t.JMeterThread: Thread started: Thread Group 1-5
2026-02-04 13:41:42,038 INFO o.a.j.t.JMeterThread: Thread started: Thread Group 1-6
2026-02-04 13:41:42,098 INFO o.a.j.t.JMeterThread: Thread started: Thread Group 1-7
2026-02-04 13:41:42,159 INFO o.a.j.t.JMeterThread: Thread started: Thread Group 1-8
2026-02-04 13:41:42,219 INFO o.a.j.t.JMeterThread: Thread started: Thread Group 1-9
2026-02-04 13:41:42,278 INFO o.a.j.t.JMeterThread: Thread started: Thread Group 1-10
2026-02-04 13:41:42,340 INFO o.a.j.t.JMeterThread: Thread started: Thread Group 1-11
2026-02-04 13:41:42,398 INFO o.a.j.t.JMeterThread: Thread started: Thread Group 1-12
2026-02-04 13:41:42,464 INFO o.a.j.t.JMeterThread: Thread started: Thread Group 1-13
2026-02-04 13:41:42,484 INFO o.a.j.t.JMeterThread: Thread is done: Thread Group 1-1
2026-02-04 13:41:42,487 INFO o.a.j.t.JMeterThread: Thread finished: Thread Group 1-1
2026-02-04 13:41:42,520 INFO o.a.j.t.JMeterThread: Thread started: Thread Group 1-14
2026-02-04 13:41:42,578 INFO o.a.j.t.JMeterThread: Thread started: Thread Group 1-15
2026-02-04 13:41:42,640 INFO o.a.j.t.JMeterThread: Thread started: Thread Group 1-16
2026-02-04 13:41:42,670 INFO o.a.j.t.JMeterThread: Thread is done: Thread Group 1-2
2026-02-04 13:41:42,670 INFO o.a.j.t.JMeterThread: Thread finished: Thread Group 1-2
2026-02-04 13:41:42,702 INFO o.a.j.t.JMeterThread: Thread started: Thread Group 1-17
2026-02-04 13:41:42,760 INFO o.a.j.t.JMeterThread: Thread started: Thread Group 1-18
2026-02-04 13:41:42,817 INFO o.a.j.t.JMeterThread: Thread started: Thread Group 1-19
2026-02-04 13:41:42,878 INFO o.a.j.t.JMeterThread: Thread started: Thread Group 1-20
2026-02-04 13:41:42,938 INFO o.a.j.t.JMeterThread: Thread started: Thread Group 1-21
2026-02-04 13:41:42,998 INFO o.a.j.t.JMeterThread: Thread started: Thread Group 1-22
2026-02-04 13:41:43,048 INFO o.a.j.t.JMeterThread: Thread is done: Thread Group 1-3
2026-02-04 13:41:43,049 INFO o.a.j.t.JMeterThread: Thread finished: Thread Group 1-3
2026-02-04 13:41:43,058 INFO o.a.j.t.JMeterThread: Thread started: Thread Group 1-23
2026-02-04 13:41:43,119 INFO o.a.j.t.JMeterThread: Thread started: Thread Group 1-24
2026-02-04 13:41:43,177 INFO o.a.j.t.JMeterThread: Thread started: Thread Group 1-25
2026-02-04 13:41:43,303 INFO o.a.j.t.JMeterThread: Thread started: Thread Group 1-27
2026-02-04 13:41:43,314 INFO o.a.j.t.JMeterThread: Thread started: Thread Group 1-26
2026-02-04 13:41:43,361 INFO o.a.j.t.JMeterThread: Thread started: Thread Group 1-28
2026-02-04 13:41:43,418 INFO o.a.j.t.JMeterThread: Thread started: Thread Group 1-29
2026-02-04 13:41:43,478 INFO o.a.j.t.JMeterThread: Thread started: Thread Group 1-30
2026-02-04 13:41:43,539 INFO o.a.j.t.JMeterThread: Thread started: Thread Group 1-31
2026-02-04 13:41:43,597 INFO o.a.j.t.JMeterThread: Thread started: Thread Group 1-32
2026-02-04 13:41:43,615 INFO o.a.j.t.JMeterThread: Thread is done: Thread Group 1-5
2026-02-04 13:41:43,615 INFO o.a.j.t.JMeterThread: Thread finished: Thread Group 1-5
2026-02-04 13:41:43,662 INFO o.a.j.t.JMeterThread: Thread started: Thread Group 1-33
2026-02-04 13:41:43,711 INFO o.a.j.t.JMeterThread: Thread is done: Thread Group 1-4
2026-02-04 13:41:43,711 INFO o.a.j.t.JMeterThread: Thread finished: Thread Group 1-4
2026-02-04 13:41:43,712 INFO o.a.j.t.JMeterThread: Thread is done: Thread Group 1-6
2026-02-04 13:41:43,712 INFO o.a.j.t.JMeterThread: Thread finished: Thread Group 1-6
2026-02-04 13:41:43,718 INFO o.a.j.t.JMeterThread: Thread started: Thread Group 1-34
2026-02-04 13:41:43,778 INFO o.a.j.t.JMeterThread: Thread started: Thread Group 1-35
2026-02-04 13:41:43,837 INFO o.a.j.t.JMeterThread: Thread started: Thread Group 1-36
2026-02-04 13:41:43,852 INFO o.a.j.t.JMeterThread: Thread is done: Thread Group 1-8
2026-02-04 13:41:43,852 INFO o.a.j.t.JMeterThread: Thread finished: Thread Group 1-8
2026-02-04 13:41:43,884 INFO o.a.j.t.JMeterThread: Thread is done: Thread Group 1-7
2026-02-04 13:41:43,886 INFO o.a.j.t.JMeterThread: Thread finished: Thread Group 1-7
2026-02-04 13:41:43,898 INFO o.a.j.t.JMeterThread: Thread started: Thread Group 1-37
2026-02-04 13:41:43,958 INFO o.a.j.t.JMeterThread: Thread started: Thread Group 1-38
2026-02-04 13:41:44,019 INFO o.a.j.t.JMeterThread: Thread started: Thread Group 1-39
2026-02-04 13:41:44,078 INFO o.a.j.t.JMeterThread: Thread started: Thread Group 1-40
2026-02-04 13:41:44,140 INFO o.a.j.t.JMeterThread: Thread started: Thread Group 1-41
2026-02-04 13:41:44,198 INFO o.a.j.t.JMeterThread: Thread started: Thread Group 1-42
2026-02-04 13:41:44,285 INFO o.a.j.t.JMeterThread: Thread started: Thread Group 1-43
2026-02-04 13:41:44,313 INFO o.a.j.t.JMeterThread: Thread is done: Thread Group 1-10
2026-02-04 13:41:44,315 INFO o.a.j.t.JMeterThread: Thread finished: Thread Group 1-10
2026-02-04 13:41:44,321 INFO o.a.j.t.JMeterThread: Thread started: Thread Group 1-44
2026-02-04 13:41:44,379 INFO o.a.j.t.JMeterThread: Thread started: Thread Group 1-45
2026-02-04 13:41:44,409 INFO o.a.j.t.JMeterThread: Thread is done: Thread Group 1-9
2026-02-04 13:41:44,409 INFO o.a.j.t.JMeterThread: Thread finished: Thread Group 1-9
2026-02-04 13:41:44,438 INFO o.a.j.t.JMeterThread: Thread started: Thread Group 1-46
2026-02-04 13:41:44,526 INFO o.a.j.t.JMeterThread: Thread started: Thread Group 1-47
2026-02-04 13:41:44,558 INFO o.a.j.t.JMeterThread: Thread started: Thread Group 1-48
2026-02-04 13:41:44,618 INFO o.a.j.t.JMeterThread: Thread started: Thread Group 1-49
2026-02-04 13:41:44,738 INFO o.a.j.t.JMeterThread: Thread started: Thread Group 1-50
2026-02-04 13:41:45,313 INFO o.a.j.t.JMeterThread: Thread is done: Thread Group 1-12
2026-02-04 13:41:45,313 INFO o.a.j.t.JMeterThread: Thread finished: Thread Group 1-12
2026-02-04 13:41:45,383 INFO o.a.j.t.JMeterThread: Thread is done: Thread Group 1-11
2026-02-04 13:41:45,383 INFO o.a.j.t.JMeterThread: Thread finished: Thread Group 1-11
2026-02-04 13:41:45,667 INFO o.a.j.t.JMeterThread: Thread is done: Thread Group 1-13
2026-02-04 13:41:45,668 INFO o.a.j.t.JMeterThread: Thread finished: Thread Group 1-13
2026-02-04 13:41:45,719 INFO o.a.j.t.JMeterThread: Thread is done: Thread Group 1-15
2026-02-04 13:41:45,724 INFO o.a.j.t.JMeterThread: Thread finished: Thread Group 1-15
2026-02-04 13:41:45,916 INFO o.a.j.t.JMeterThread: Thread is done: Thread Group 1-14
2026-02-04 13:41:45,916 INFO o.a.j.t.JMeterThread: Thread finished: Thread Group 1-14
2026-02-04 13:41:46,043 INFO o.a.j.t.JMeterThread: Thread is done: Thread Group 1-17
2026-02-04 13:41:46,043 INFO o.a.j.t.JMeterThread: Thread finished: Thread Group 1-17
2026-02-04 13:41:46,580 INFO o.a.j.t.JMeterThread: Thread is done: Thread Group 1-16
2026-02-04 13:41:46,580 INFO o.a.j.t.JMeterThread: Thread finished: Thread Group 1-16
2026-02-04 13:41:46,773 INFO o.a.j.t.JMeterThread: Thread is done: Thread Group 1-18
2026-02-04 13:41:46,773 INFO o.a.j.t.JMeterThread: Thread finished: Thread Group 1-18
2026-02-04 13:41:47,335 INFO o.a.j.t.JMeterThread: Thread is done: Thread Group 1-21
2026-02-04 13:41:47,335 INFO o.a.j.t.JMeterThread: Thread finished: Thread Group 1-21
2026-02-04 13:41:47,489 INFO o.a.j.t.JMeterThread: Thread is done: Thread Group 1-19
2026-02-04 13:41:47,489 INFO o.a.j.t.JMeterThread: Thread finished: Thread Group 1-19
2026-02-04 13:41:47,537 INFO o.a.j.t.JMeterThread: Thread is done: Thread Group 1-22
2026-02-04 13:41:47,541 INFO o.a.j.t.JMeterThread: Thread finished: Thread Group 1-22
2026-02-04 13:41:47,567 INFO o.a.j.t.JMeterThread: Thread is done: Thread Group 1-20
2026-02-04 13:41:47,567 INFO o.a.j.t.JMeterThread: Thread finished: Thread Group 1-20
2026-02-04 13:41:47,692 INFO o.a.j.t.JMeterThread: Thread is done: Thread Group 1-23
2026-02-04 13:41:47,692 INFO o.a.j.t.JMeterThread: Thread finished: Thread Group 1-23
2026-02-04 13:41:47,778 INFO o.a.j.t.JMeterThread: Thread is done: Thread Group 1-27
2026-02-04 13:41:47,778 INFO o.a.j.t.JMeterThread: Thread finished: Thread Group 1-27
2026-02-04 13:41:47,812 INFO o.a.j.t.JMeterThread: Thread is done: Thread Group 1-24
2026-02-04 13:41:47,812 INFO o.a.j.t.JMeterThread: Thread finished: Thread Group 1-24
2026-02-04 13:41:47,878 INFO o.a.j.t.JMeterThread: Thread is done: Thread Group 1-25
2026-02-04 13:41:47,878 INFO o.a.j.t.JMeterThread: Thread finished: Thread Group 1-25
2026-02-04 13:41:47,990 INFO o.a.j.t.JMeterThread: Thread is done: Thread Group 1-29
2026-02-04 13:41:47,990 INFO o.a.j.t.JMeterThread: Thread finished: Thread Group 1-29
2026-02-04 13:41:48,064 INFO o.a.j.t.JMeterThread: Thread is done: Thread Group 1-26
2026-02-04 13:41:48,071 INFO o.a.j.t.JMeterThread: Thread finished: Thread Group 1-26
2026-02-04 13:41:48,186 INFO o.a.j.t.JMeterThread: Thread is done: Thread Group 1-28
2026-02-04 13:41:48,186 INFO o.a.j.t.JMeterThread: Thread finished: Thread Group 1-28
2026-02-04 13:41:48,239 INFO o.a.j.t.JMeterThread: Thread is done: Thread Group 1-30
2026-02-04 13:41:48,239 INFO o.a.j.t.JMeterThread: Thread finished: Thread Group 1-30
2026-02-04 13:41:48,308 INFO o.a.j.t.JMeterThread: Thread is done: Thread Group 1-33
2026-02-04 13:41:48,308 INFO o.a.j.t.JMeterThread: Thread finished: Thread Group 1-33
2026-02-04 13:41:48,504 INFO o.a.j.t.JMeterThread: Thread is done: Thread Group 1-32
2026-02-04 13:41:48,504 INFO o.a.j.t.JMeterThread: Thread finished: Thread Group 1-32
2026-02-04 13:41:48,636 INFO o.a.j.t.JMeterThread: Thread is done: Thread Group 1-36
2026-02-04 13:41:48,637 INFO o.a.j.t.JMeterThread: Thread is done: Thread Group 1-31
2026-02-04 13:41:48,637 INFO o.a.j.t.JMeterThread: Thread finished: Thread Group 1-36
2026-02-04 13:41:48,637 INFO o.a.j.t.JMeterThread: Thread finished: Thread Group 1-31
2026-02-04 13:41:48,642 INFO o.a.j.t.JMeterThread: Thread is done: Thread Group 1-34
2026-02-04 13:41:48,642 INFO o.a.j.t.JMeterThread: Thread finished: Thread Group 1-34
2026-02-04 13:41:48,692 INFO o.a.j.t.JMeterThread: Thread is done: Thread Group 1-38
2026-02-04 13:41:48,692 INFO o.a.j.t.JMeterThread: Thread finished: Thread Group 1-38
2026-02-04 13:41:48,745 INFO o.a.j.t.JMeterThread: Thread is done: Thread Group 1-37
2026-02-04 13:41:48,745 INFO o.a.j.t.JMeterThread: Thread finished: Thread Group 1-37
2026-02-04 13:41:48,746 INFO o.a.j.t.JMeterThread: Thread is done: Thread Group 1-35
2026-02-04 13:41:48,747 INFO o.a.j.t.JMeterThread: Thread finished: Thread Group 1-35
2026-02-04 13:41:48,827 INFO o.a.j.t.JMeterThread: Thread is done: Thread Group 1-40
2026-02-04 13:41:48,827 INFO o.a.j.t.JMeterThread: Thread finished: Thread Group 1-40
2026-02-04 13:41:48,831 INFO o.a.j.t.JMeterThread: Thread is done: Thread Group 1-39
2026-02-04 13:41:48,831 INFO o.a.j.t.JMeterThread: Thread finished: Thread Group 1-39
2026-02-04 13:41:48,886 INFO o.a.j.t.JMeterThread: Thread is done: Thread Group 1-42
2026-02-04 13:41:48,886 INFO o.a.j.t.JMeterThread: Thread finished: Thread Group 1-42
2026-02-04 13:41:48,973 INFO o.a.j.t.JMeterThread: Thread is done: Thread Group 1-45
2026-02-04 13:41:48,973 INFO o.a.j.t.JMeterThread: Thread finished: Thread Group 1-45
2026-02-04 13:41:48,992 INFO o.a.j.t.JMeterThread: Thread is done: Thread Group 1-41
2026-02-04 13:41:48,995 INFO o.a.j.t.JMeterThread: Thread finished: Thread Group 1-41
2026-02-04 13:41:49,023 INFO o.a.j.t.JMeterThread: Thread is done: Thread Group 1-44
2026-02-04 13:41:49,023 INFO o.a.j.t.JMeterThread: Thread finished: Thread Group 1-44
2026-02-04 13:41:49,030 INFO o.a.j.t.JMeterThread: Thread is done: Thread Group 1-43
2026-02-04 13:41:49,030 INFO o.a.j.t.JMeterThread: Thread finished: Thread Group 1-43
2026-02-04 13:41:49,033 INFO o.a.j.t.JMeterThread: Thread is done: Thread Group 1-47
2026-02-04 13:41:49,034 INFO o.a.j.t.JMeterThread: Thread finished: Thread Group 1-47
2026-02-04 13:41:49,035 INFO o.a.j.t.JMeterThread: Thread is done: Thread Group 1-50
2026-02-04 13:41:49,035 INFO o.a.j.t.JMeterThread: Thread finished: Thread Group 1-50
2026-02-04 13:41:49,071 INFO o.a.j.t.JMeterThread: Thread is done: Thread Group 1-46
2026-02-04 13:41:49,071 INFO o.a.j.t.JMeterThread: Thread finished: Thread Group 1-46
2026-02-04 13:41:49,087 INFO o.a.j.t.JMeterThread: Thread is done: Thread Group 1-49
2026-02-04 13:41:49,087 INFO o.a.j.t.JMeterThread: Thread finished: Thread Group 1-49
2026-02-04 13:41:49,095 INFO o.a.j.t.JMeterThread: Thread is done: Thread Group 1-48
2026-02-04 13:41:49,095 INFO o.a.j.t.JMeterThread: Thread finished: Thread Group 1-48
2026-02-04 13:41:49,096 INFO o.a.j.e.StandardJMeterEngine: Notifying test listeners of end of test
2026-02-04 13:41:49,096 INFO o.a.j.g.u.JMeterMenuBar: setRunning(false, *local*)
