2026-03-02 16:37:50,252 - basicLogger - INFO - Get request for temperature_reading
2026-03-02 17:20:45,776 - basicLogger - INFO - Get request for temperature_reading
2026-03-02 17:22:46,254 - basicLogger - INFO - Get request for temperature_reading
2026-03-02 17:32:00,210 - basicLogger - INFO - Get request for temperature_reading
2026-03-02 17:32:21,022 - basicLogger - INFO - Get request for stats
2026-03-02 17:32:22,942 - basicLogger - INFO - Get request for stats
2026-03-02 17:34:31,142 - basicLogger - INFO - Get request for stats
2026-03-02 17:34:32,160 - basicLogger - INFO - Sending stats
2026-03-02 17:34:47,836 - basicLogger - INFO - Get request for temperature_reading
2026-03-02 17:34:48,847 - basicLogger - INFO - Sending temperature_reading
2026-03-02 17:35:19,993 - basicLogger - INFO - Get request for motion_reading
2026-03-02 17:36:30,926 - basicLogger - INFO - Get request for temperature_reading
2026-03-02 17:36:31,936 - basicLogger - INFO - Sending temperature_reading
2026-03-02 17:37:38,113 - basicLogger - INFO - Get request for temperature_reading
2026-03-02 17:37:39,122 - basicLogger - INFO - Sending temperature_reading
2026-03-03 20:15:52,228 - basicLogger - INFO - Get request for stats
2026-03-03 20:15:53,370 - basicLogger - INFO - Sending stats
2026-03-03 20:20:21,052 - basicLogger - INFO - Get request for stats
2026-03-03 20:20:22,108 - basicLogger - INFO - Sending stats
2026-03-03 20:20:24,165 - basicLogger - INFO - Get request for stats
2026-03-03 20:20:25,225 - basicLogger - INFO - Sending stats
2026-03-03 20:21:22,160 - basicLogger - INFO - Get request for temperature_reading
2026-03-03 20:21:23,215 - basicLogger - INFO - Sending temperature_reading
2026-03-03 20:21:37,746 - basicLogger - INFO - Get request for temperature_reading
2026-03-03 20:21:38,786 - basicLogger - INFO - Sending temperature_reading
2026-03-03 20:25:18,541 - basicLogger - INFO - Get request for motion_reading
2026-03-03 20:25:18,556 - basicLogger - INFO - Sending temperature_reading
2026-03-03 20:25:22,784 - basicLogger - INFO - Get request for motion_reading
2026-03-03 20:25:22,799 - basicLogger - INFO - Sending temperature_reading
2026-03-03 20:34:24,563 - basicLogger - INFO - Get request for stats
2026-03-03 20:34:25,604 - basicLogger - INFO - Sending stats
2026-03-03 20:34:56,487 - basicLogger - INFO - Get request for stats
2026-03-03 20:34:57,978 - basicLogger - INFO - Sending stats
2026-03-03 20:34:59,194 - basicLogger - INFO - Get request for stats
2026-03-03 20:35:00,229 - basicLogger - INFO - Sending stats
2026-03-03 20:35:01,165 - basicLogger - INFO - Get request for stats
2026-03-03 20:35:02,993 - basicLogger - INFO - Sending stats
2026-03-03 20:35:15,888 - basicLogger - INFO - Get request for temperature_reading
2026-03-03 20:35:15,910 - basicLogger - INFO - Sending temperature_reading
2026-03-03 20:37:38,664 - basicLogger - INFO - Get request for temperature_reading
2026-03-03 20:37:39,718 - basicLogger - INFO - Temperature reading not found
2026-03-03 20:37:58,876 - basicLogger - INFO - Get request for temperature_reading
2026-03-03 20:38:01,173 - basicLogger - INFO - Temperature reading not found
2026-03-03 20:38:05,579 - basicLogger - INFO - Get request for temperature_reading
2026-03-03 20:38:06,648 - basicLogger - INFO - Temperature reading not found
2026-03-03 20:38:10,509 - basicLogger - INFO - Get request for temperature_reading
2026-03-03 20:38:11,567 - basicLogger - INFO - Temperature reading not found
2026-03-03 20:42:01,251 - basicLogger - INFO - Get request for temperature_reading
2026-03-03 20:42:02,371 - basicLogger - INFO - Temperature reading not found
2026-03-03 20:46:08,313 - basicLogger - INFO - Get request for stats
2026-03-03 20:46:09,390 - basicLogger - INFO - Sending stats
2026-03-03 20:48:29,515 - basicLogger - INFO - Get request for temperature_reading
2026-03-03 20:48:30,589 - basicLogger - INFO - Temperature reading not found
2026-03-03 20:48:49,490 - basicLogger - INFO - Get request for temperature_reading
2026-03-03 20:48:50,573 - basicLogger - INFO - Temperature reading not found
2026-03-03 20:50:29,282 - basicLogger - INFO - Get request for temperature_reading
2026-03-03 20:50:30,390 - basicLogger - INFO - Temperature reading not found
2026-03-03 20:51:00,107 - basicLogger - INFO - Get request for temperature_reading
2026-03-03 20:51:01,228 - basicLogger - INFO - Temperature reading not found
2026-03-03 20:51:05,727 - basicLogger - INFO - Get request for temperature_reading
2026-03-03 20:51:08,276 - basicLogger - INFO - Temperature reading not found
2026-03-03 20:51:15,201 - basicLogger - INFO - Get request for temperature_reading
2026-03-03 20:51:16,308 - basicLogger - INFO - Temperature reading not found
2026-03-03 20:51:22,288 - basicLogger - INFO - Get request for temperature_reading
2026-03-03 20:51:23,413 - basicLogger - INFO - Temperature reading not found
2026-03-03 20:51:53,037 - basicLogger - INFO - Get request for stats
2026-03-03 20:51:54,146 - basicLogger - INFO - Sending stats
