2026-02-05 11:15:01,395 - basicLogger - INFO - Received event temperature_report with a trace id of 1770318901081659313
2026-02-05 11:15:01,396 - basicLogger - INFO - Received event temperature_report with a trace id of 1770318901023929389
2026-02-05 11:15:01,397 - basicLogger - INFO - Received event temperature_report with a trace id of 1770318901108977816
2026-02-05 11:15:01,592 - basicLogger - INFO - Received event temperature_report with a trace id of 1770318901370624742
2026-02-05 11:15:01,599 - basicLogger - INFO - Received event temperature_report with a trace id of 1770318901383205222
2026-02-05 11:15:01,655 - basicLogger - DEBUG - Stored event temperature_report with a trace id of 1770318901081659313
2026-02-05 11:15:01,659 - basicLogger - DEBUG - Stored event temperature_report with a trace id of 1770318901023929389
2026-02-05 11:15:01,668 - basicLogger - INFO - Received event temperature_report with a trace id of 1770318901387391557
2026-02-05 11:15:01,673 - basicLogger - DEBUG - Stored event temperature_report with a trace id of 1770318901108977816
2026-02-05 11:15:01,677 - basicLogger - INFO - Received event temperature_report with a trace id of 1770318901397458950
2026-02-05 11:15:01,678 - basicLogger - INFO - Received event temperature_report with a trace id of 1770318901382292177
2026-02-05 11:15:01,694 - basicLogger - DEBUG - Stored event temperature_report with a trace id of 1770318901387391557
2026-02-05 11:15:01,705 - basicLogger - DEBUG - Stored event temperature_report with a trace id of 1770318901397458950
2026-02-05 11:15:01,708 - basicLogger - DEBUG - Stored event temperature_report with a trace id of 1770318901382292177
2026-02-05 11:15:01,728 - basicLogger - INFO - Received event temperature_report with a trace id of 1770318901490541466
2026-02-05 11:15:01,743 - basicLogger - DEBUG - Stored event temperature_report with a trace id of 1770318901490541466
2026-02-05 11:15:01,805 - basicLogger - INFO - Received event temperature_report with a trace id of 1770318901539588036
2026-02-05 11:15:01,809 - basicLogger - DEBUG - Stored event temperature_report with a trace id of 1770318901370624742
2026-02-05 11:15:01,810 - basicLogger - DEBUG - Stored event temperature_report with a trace id of 1770318901383205222
2026-02-05 11:15:01,823 - basicLogger - DEBUG - Stored event temperature_report with a trace id of 1770318901539588036
2026-02-05 11:15:01,903 - basicLogger - INFO - Received event temperature_report with a trace id of 1770318901691632586
2026-02-05 11:15:01,910 - basicLogger - INFO - Received event temperature_report with a trace id of 1770318901708432627
2026-02-05 11:15:01,931 - basicLogger - DEBUG - Stored event temperature_report with a trace id of 1770318901691632586
2026-02-05 11:15:01,936 - basicLogger - DEBUG - Stored event temperature_report with a trace id of 1770318901708432627
2026-02-05 11:15:02,052 - basicLogger - INFO - Received event motion_report with a trace id of 1770318901807993185
2026-02-05 11:15:02,074 - basicLogger - INFO - Received event motion_report with a trace id of 1770318901743100775
2026-02-05 11:15:02,078 - basicLogger - DEBUG - Stored event motion_report with a trace id of 1770318901807993185
2026-02-05 11:15:02,091 - basicLogger - DEBUG - Stored event motion_report with a trace id of 1770318901743100775
2026-02-05 11:15:02,121 - basicLogger - INFO - Received event temperature_report with a trace id of 1770318901799230150
2026-02-05 11:15:02,137 - basicLogger - DEBUG - Stored event temperature_report with a trace id of 1770318901799230150
2026-02-05 11:15:02,155 - basicLogger - INFO - Received event motion_report with a trace id of 1770318901741306419
2026-02-05 11:15:02,176 - basicLogger - INFO - Received event temperature_report with a trace id of 1770318901891619780
2026-02-05 11:15:02,188 - basicLogger - DEBUG - Stored event motion_report with a trace id of 1770318901741306419
2026-02-05 11:15:02,198 - basicLogger - DEBUG - Stored event temperature_report with a trace id of 1770318901891619780
2026-02-05 11:15:02,295 - basicLogger - INFO - Received event motion_report with a trace id of 1770318901859000328
2026-02-05 11:15:02,313 - basicLogger - DEBUG - Stored event motion_report with a trace id of 1770318901859000328
2026-02-05 11:15:02,315 - basicLogger - INFO - Received event motion_report with a trace id of 1770318901862756850
2026-02-05 11:15:02,320 - basicLogger - INFO - Received event motion_report with a trace id of 1770318901888646932
2026-02-05 11:15:02,340 - basicLogger - DEBUG - Stored event motion_report with a trace id of 1770318901862756850
2026-02-05 11:15:02,340 - basicLogger - DEBUG - Stored event motion_report with a trace id of 1770318901888646932
2026-02-05 11:15:02,346 - basicLogger - INFO - Received event motion_report with a trace id of 1770318902006566364
2026-02-05 11:15:02,363 - basicLogger - INFO - Received event motion_report with a trace id of 1770318902139280393
2026-02-05 11:15:02,383 - basicLogger - DEBUG - Stored event motion_report with a trace id of 1770318902006566364
2026-02-05 11:15:02,387 - basicLogger - DEBUG - Stored event motion_report with a trace id of 1770318902139280393
2026-02-05 11:15:02,448 - basicLogger - INFO - Received event motion_report with a trace id of 1770318902100730730
2026-02-05 11:15:02,461 - basicLogger - DEBUG - Stored event motion_report with a trace id of 1770318902100730730
2026-02-05 11:15:02,492 - basicLogger - INFO - Received event temperature_report with a trace id of 1770318901985297058
2026-02-05 11:15:02,497 - basicLogger - INFO - Received event motion_report with a trace id of 1770318902163946053
2026-02-05 11:15:02,515 - basicLogger - DEBUG - Stored event temperature_report with a trace id of 1770318901985297058
2026-02-05 11:15:02,522 - basicLogger - INFO - Received event temperature_report with a trace id of 1770318902216055268
2026-02-05 11:15:02,523 - basicLogger - DEBUG - Stored event motion_report with a trace id of 1770318902163946053
2026-02-05 11:15:02,540 - basicLogger - INFO - Received event temperature_report with a trace id of 1770318902226676675
2026-02-05 11:15:02,550 - basicLogger - DEBUG - Stored event temperature_report with a trace id of 1770318902216055268
2026-02-05 11:15:02,575 - basicLogger - DEBUG - Stored event temperature_report with a trace id of 1770318902226676675
2026-02-05 11:15:02,587 - basicLogger - INFO - Received event motion_report with a trace id of 1770318902336508877
2026-02-05 11:15:02,604 - basicLogger - DEBUG - Stored event motion_report with a trace id of 1770318902336508877
2026-02-05 11:15:02,812 - basicLogger - INFO - Received event motion_report with a trace id of 1770318902466142657
2026-02-05 11:15:02,830 - basicLogger - INFO - Received event temperature_report with a trace id of 1770318902467098027
2026-02-05 11:15:02,836 - basicLogger - DEBUG - Stored event motion_report with a trace id of 1770318902466142657
2026-02-05 11:15:02,841 - basicLogger - DEBUG - Stored event temperature_report with a trace id of 1770318902467098027
2026-02-05 11:15:02,864 - basicLogger - INFO - Received event temperature_report with a trace id of 1770318902469722920
2026-02-05 11:15:02,872 - basicLogger - INFO - Received event temperature_report with a trace id of 1770318902468306199
2026-02-05 11:15:02,876 - basicLogger - DEBUG - Stored event temperature_report with a trace id of 1770318902469722920
2026-02-05 11:15:02,886 - basicLogger - DEBUG - Stored event temperature_report with a trace id of 1770318902468306199
2026-02-05 11:15:02,895 - basicLogger - INFO - Received event motion_report with a trace id of 1770318902575545896
2026-02-05 11:15:02,896 - basicLogger - INFO - Received event temperature_report with a trace id of 1770318902523036456
2026-02-05 11:15:02,913 - basicLogger - DEBUG - Stored event motion_report with a trace id of 1770318902575545896
2026-02-05 11:15:02,916 - basicLogger - DEBUG - Stored event temperature_report with a trace id of 1770318902523036456
2026-02-05 11:15:02,944 - basicLogger - INFO - Received event temperature_report with a trace id of 1770318902637785513
2026-02-05 11:15:02,959 - basicLogger - INFO - Received event temperature_report with a trace id of 1770318902539904954
2026-02-05 11:15:02,964 - basicLogger - DEBUG - Stored event temperature_report with a trace id of 1770318902637785513
2026-02-05 11:15:02,975 - basicLogger - DEBUG - Stored event temperature_report with a trace id of 1770318902539904954
2026-02-05 11:15:03,011 - basicLogger - INFO - Received event motion_report with a trace id of 1770318902674509955
2026-02-05 11:15:03,019 - basicLogger - INFO - Received event temperature_report with a trace id of 1770318902654215037
2026-02-05 11:15:03,026 - basicLogger - DEBUG - Stored event motion_report with a trace id of 1770318902674509955
2026-02-05 11:15:03,035 - basicLogger - DEBUG - Stored event temperature_report with a trace id of 1770318902654215037
2026-02-05 11:15:03,142 - basicLogger - INFO - Received event temperature_report with a trace id of 1770318902878022901
2026-02-05 11:15:03,160 - basicLogger - DEBUG - Stored event temperature_report with a trace id of 1770318902878022901
2026-02-05 11:15:03,193 - basicLogger - INFO - Received event temperature_report with a trace id of 1770318902864784674
2026-02-05 11:15:03,211 - basicLogger - DEBUG - Stored event temperature_report with a trace id of 1770318902864784674
2026-02-05 11:15:03,227 - basicLogger - INFO - Received event temperature_report with a trace id of 1770318902939591482
2026-02-05 11:15:03,243 - basicLogger - DEBUG - Stored event temperature_report with a trace id of 1770318902939591482
2026-02-05 11:15:03,256 - basicLogger - INFO - Received event temperature_report with a trace id of 1770318902999589890
2026-02-05 11:15:03,273 - basicLogger - DEBUG - Stored event temperature_report with a trace id of 1770318902999589890
2026-02-05 11:15:03,340 - basicLogger - INFO - Received event temperature_report with a trace id of 1770318902960301960
2026-02-05 11:15:03,353 - basicLogger - DEBUG - Stored event temperature_report with a trace id of 1770318902960301960
2026-02-05 11:15:03,469 - basicLogger - INFO - Received event temperature_report with a trace id of 1770318902946895166
2026-02-05 11:15:03,469 - basicLogger - INFO - Received event temperature_report with a trace id of 1770318903084802129
2026-02-05 11:15:03,478 - basicLogger - INFO - Received event temperature_report with a trace id of 1770318903033730174
2026-02-05 11:15:03,484 - basicLogger - INFO - Received event motion_report with a trace id of 1770318903179679482
2026-02-05 11:15:03,487 - basicLogger - INFO - Received event temperature_report with a trace id of 1770318902920146444
2026-02-05 11:15:03,492 - basicLogger - DEBUG - Stored event temperature_report with a trace id of 1770318903084802129
2026-02-05 11:15:03,494 - basicLogger - DEBUG - Stored event temperature_report with a trace id of 1770318902946895166
2026-02-05 11:15:03,499 - basicLogger - INFO - Received event temperature_report with a trace id of 1770318903235874850
2026-02-05 11:15:03,504 - basicLogger - INFO - Received event temperature_report with a trace id of 1770318903011634542
2026-02-05 11:15:03,506 - basicLogger - DEBUG - Stored event temperature_report with a trace id of 1770318903033730174
2026-02-05 11:15:03,512 - basicLogger - DEBUG - Stored event motion_report with a trace id of 1770318903179679482
2026-02-05 11:15:03,520 - basicLogger - DEBUG - Stored event temperature_report with a trace id of 1770318902920146444
2026-02-05 11:15:03,526 - basicLogger - DEBUG - Stored event temperature_report with a trace id of 1770318903011634542
2026-02-05 11:15:03,530 - basicLogger - DEBUG - Stored event temperature_report with a trace id of 1770318903235874850
2026-02-05 11:15:03,569 - basicLogger - INFO - Received event motion_report with a trace id of 1770318903286932672
2026-02-05 11:15:03,583 - basicLogger - DEBUG - Stored event motion_report with a trace id of 1770318903286932672
2026-02-05 11:15:03,593 - basicLogger - INFO - Received event temperature_report with a trace id of 1770318903275338671
2026-02-05 11:15:03,608 - basicLogger - DEBUG - Stored event temperature_report with a trace id of 1770318903275338671
2026-02-05 11:15:03,626 - basicLogger - INFO - Received event temperature_report with a trace id of 1770318903375836483
2026-02-05 11:15:03,644 - basicLogger - DEBUG - Stored event temperature_report with a trace id of 1770318903375836483
2026-02-05 11:15:03,728 - basicLogger - INFO - Received event temperature_report with a trace id of 1770318903524818352
2026-02-05 11:15:03,743 - basicLogger - DEBUG - Stored event temperature_report with a trace id of 1770318903524818352
2026-02-05 11:15:03,779 - basicLogger - INFO - Received event temperature_report with a trace id of 1770318903568601446
2026-02-05 11:15:03,796 - basicLogger - DEBUG - Stored event temperature_report with a trace id of 1770318903568601446
2026-02-05 11:15:03,876 - basicLogger - INFO - Received event motion_report with a trace id of 1770318903595417160
2026-02-05 11:15:03,891 - basicLogger - DEBUG - Stored event motion_report with a trace id of 1770318903595417160
2026-02-05 11:15:03,909 - basicLogger - INFO - Received event temperature_report with a trace id of 1770318903596108435
2026-02-05 11:15:03,936 - basicLogger - DEBUG - Stored event temperature_report with a trace id of 1770318903596108435
2026-02-05 11:15:03,942 - basicLogger - INFO - Received event temperature_report with a trace id of 1770318903696877849
2026-02-05 11:15:03,950 - basicLogger - INFO - Received event temperature_report with a trace id of 1770318903620773077
2026-02-05 11:15:03,971 - basicLogger - INFO - Received event temperature_report with a trace id of 1770318903621684094
2026-02-05 11:15:03,987 - basicLogger - DEBUG - Stored event temperature_report with a trace id of 1770318903696877849
2026-02-05 11:15:03,994 - basicLogger - DEBUG - Stored event temperature_report with a trace id of 1770318903620773077
2026-02-05 11:15:04,000 - basicLogger - DEBUG - Stored event temperature_report with a trace id of 1770318903621684094
2026-02-05 11:15:04,081 - basicLogger - INFO - Received event motion_report with a trace id of 1770318903722964610
2026-02-05 11:15:04,093 - basicLogger - INFO - Received event motion_report with a trace id of 1770318903780245044
2026-02-05 11:15:04,095 - basicLogger - DEBUG - Stored event motion_report with a trace id of 1770318903722964610
2026-02-05 11:15:04,109 - basicLogger - DEBUG - Stored event motion_report with a trace id of 1770318903780245044
2026-02-05 11:15:04,170 - basicLogger - INFO - Received event temperature_report with a trace id of 1770318903731337473
2026-02-05 11:15:04,189 - basicLogger - DEBUG - Stored event temperature_report with a trace id of 1770318903731337473
2026-02-05 11:15:04,191 - basicLogger - INFO - Received event motion_report with a trace id of 1770318903883996578
2026-02-05 11:15:04,211 - basicLogger - DEBUG - Stored event motion_report with a trace id of 1770318903883996578
2026-02-05 11:15:04,251 - basicLogger - INFO - Received event motion_report with a trace id of 1770318903931658998
2026-02-05 11:15:04,302 - basicLogger - DEBUG - Stored event motion_report with a trace id of 1770318903931658998
2026-02-05 11:15:04,309 - basicLogger - INFO - Received event temperature_report with a trace id of 1770318903734560335
2026-02-05 11:15:04,312 - basicLogger - INFO - Received event motion_report with a trace id of 1770318904040933787
2026-02-05 11:15:04,329 - basicLogger - DEBUG - Stored event temperature_report with a trace id of 1770318903734560335
2026-02-05 11:15:04,334 - basicLogger - INFO - Received event temperature_report with a trace id of 1770318903978764177
2026-02-05 11:15:04,464 - basicLogger - DEBUG - Stored event motion_report with a trace id of 1770318904040933787
2026-02-05 11:15:04,469 - basicLogger - INFO - Received event temperature_report with a trace id of 1770318904007855135
2026-02-05 11:15:04,485 - basicLogger - DEBUG - Stored event temperature_report with a trace id of 1770318903978764177
2026-02-05 11:15:04,519 - basicLogger - DEBUG - Stored event temperature_report with a trace id of 1770318904007855135
2026-02-05 11:15:04,530 - basicLogger - INFO - Received event temperature_report with a trace id of 1770318904182000082
2026-02-05 11:15:04,532 - basicLogger - INFO - Received event temperature_report with a trace id of 1770318904151974439
2026-02-05 11:15:04,547 - basicLogger - DEBUG - Stored event temperature_report with a trace id of 1770318904182000082
2026-02-05 11:15:04,553 - basicLogger - DEBUG - Stored event temperature_report with a trace id of 1770318904151974439
2026-02-05 11:15:04,586 - basicLogger - INFO - Received event motion_report with a trace id of 1770318904025534894
2026-02-05 11:15:04,621 - basicLogger - DEBUG - Stored event motion_report with a trace id of 1770318904025534894
2026-02-05 11:15:04,625 - basicLogger - INFO - Received event temperature_report with a trace id of 1770318904211993641
2026-02-05 11:15:04,637 - basicLogger - INFO - Received event temperature_report with a trace id of 1770318904351005318
2026-02-05 11:15:04,638 - basicLogger - INFO - Received event motion_report with a trace id of 1770318904250469060
2026-02-05 11:15:04,654 - basicLogger - DEBUG - Stored event temperature_report with a trace id of 1770318904211993641
2026-02-05 11:15:04,662 - basicLogger - DEBUG - Stored event temperature_report with a trace id of 1770318904351005318
2026-02-05 11:15:04,669 - basicLogger - DEBUG - Stored event motion_report with a trace id of 1770318904250469060
2026-02-05 11:15:04,805 - basicLogger - INFO - Received event motion_report with a trace id of 1770318904500623134
2026-02-05 11:15:04,820 - basicLogger - DEBUG - Stored event motion_report with a trace id of 1770318904500623134
2026-02-05 11:15:04,844 - basicLogger - INFO - Received event temperature_report with a trace id of 1770318904513935636
2026-02-05 11:15:04,858 - basicLogger - DEBUG - Stored event temperature_report with a trace id of 1770318904513935636
2026-02-05 11:15:04,866 - basicLogger - INFO - Received event motion_report with a trace id of 1770318904562544094
2026-02-05 11:15:04,886 - basicLogger - DEBUG - Stored event motion_report with a trace id of 1770318904562544094
2026-02-05 11:15:04,943 - basicLogger - INFO - Received event temperature_report with a trace id of 1770318904665351600
2026-02-05 11:15:04,971 - basicLogger - DEBUG - Stored event temperature_report with a trace id of 1770318904665351600
2026-02-05 11:15:05,055 - basicLogger - INFO - Received event motion_report with a trace id of 1770318904603776270
2026-02-05 11:15:05,062 - basicLogger - INFO - Received event motion_report with a trace id of 1770318904615477344
2026-02-05 11:15:05,067 - basicLogger - DEBUG - Stored event motion_report with a trace id of 1770318904603776270
2026-02-05 11:15:05,079 - basicLogger - DEBUG - Stored event motion_report with a trace id of 1770318904615477344
2026-02-05 11:15:05,106 - basicLogger - INFO - Received event temperature_report with a trace id of 1770318904563974036
2026-02-05 11:15:05,121 - basicLogger - DEBUG - Stored event temperature_report with a trace id of 1770318904563974036
2026-02-05 11:15:05,225 - basicLogger - INFO - Received event temperature_report with a trace id of 1770318904707756014
2026-02-05 11:15:05,232 - basicLogger - INFO - Received event motion_report with a trace id of 1770318904696791509
2026-02-05 11:15:05,243 - basicLogger - DEBUG - Stored event temperature_report with a trace id of 1770318904707756014
2026-02-05 11:15:05,248 - basicLogger - INFO - Received event temperature_report with a trace id of 1770318904733624548
2026-02-05 11:15:05,250 - basicLogger - INFO - Received event temperature_report with a trace id of 1770318904927856643
2026-02-05 11:15:05,260 - basicLogger - DEBUG - Stored event motion_report with a trace id of 1770318904696791509
2026-02-05 11:15:05,272 - basicLogger - DEBUG - Stored event temperature_report with a trace id of 1770318904733624548
2026-02-05 11:15:05,278 - basicLogger - DEBUG - Stored event temperature_report with a trace id of 1770318904927856643
2026-02-05 11:15:05,282 - basicLogger - INFO - Received event temperature_report with a trace id of 1770318904850853927
2026-02-05 11:15:05,284 - basicLogger - INFO - Received event motion_report with a trace id of 1770318904885365712
2026-02-05 11:15:05,285 - basicLogger - INFO - Received event temperature_report with a trace id of 1770318904995741024
2026-02-05 11:15:05,304 - basicLogger - DEBUG - Stored event temperature_report with a trace id of 1770318904850853927
2026-02-05 11:15:05,311 - basicLogger - DEBUG - Stored event temperature_report with a trace id of 1770318904995741024
2026-02-05 11:15:05,313 - basicLogger - DEBUG - Stored event motion_report with a trace id of 1770318904885365712
2026-02-05 11:15:05,425 - basicLogger - INFO - Received event motion_report with a trace id of 1770318905211460786
2026-02-05 11:15:05,442 - basicLogger - DEBUG - Stored event motion_report with a trace id of 1770318905211460786
2026-02-05 11:15:05,446 - basicLogger - INFO - Received event motion_report with a trace id of 1770318905254246774
2026-02-05 11:15:05,476 - basicLogger - DEBUG - Stored event motion_report with a trace id of 1770318905254246774
2026-02-05 11:15:05,511 - basicLogger - INFO - Received event motion_report with a trace id of 1770318905220075348
2026-02-05 11:15:05,540 - basicLogger - DEBUG - Stored event motion_report with a trace id of 1770318905220075348
2026-02-05 11:15:05,630 - basicLogger - INFO - Received event motion_report with a trace id of 1770318905286417754
2026-02-05 11:15:05,631 - basicLogger - INFO - Received event temperature_report with a trace id of 1770318905327100194
2026-02-05 11:15:05,655 - basicLogger - DEBUG - Stored event temperature_report with a trace id of 1770318905327100194
2026-02-05 11:15:05,656 - basicLogger - DEBUG - Stored event motion_report with a trace id of 1770318905286417754
2026-02-05 11:15:05,690 - basicLogger - INFO - Received event motion_report with a trace id of 1770318905387468791
2026-02-05 11:15:05,721 - basicLogger - DEBUG - Stored event motion_report with a trace id of 1770318905387468791
2026-02-05 11:15:05,803 - basicLogger - INFO - Received event temperature_report with a trace id of 1770318905389012906
2026-02-05 11:15:05,834 - basicLogger - DEBUG - Stored event temperature_report with a trace id of 1770318905389012906
2026-02-05 11:15:05,867 - basicLogger - INFO - Received event motion_report with a trace id of 1770318905389656577
2026-02-05 11:15:05,873 - basicLogger - INFO - Received event motion_report with a trace id of 1770318905358226591
2026-02-05 11:15:05,888 - basicLogger - DEBUG - Stored event motion_report with a trace id of 1770318905389656577
2026-02-05 11:15:05,894 - basicLogger - DEBUG - Stored event motion_report with a trace id of 1770318905358226591
2026-02-05 11:15:05,944 - basicLogger - INFO - Received event temperature_report with a trace id of 1770318905352446389
2026-02-05 11:15:05,974 - basicLogger - DEBUG - Stored event temperature_report with a trace id of 1770318905352446389
2026-02-05 11:15:06,001 - basicLogger - INFO - Received event motion_report with a trace id of 1770318905496198505
2026-02-05 11:15:06,006 - basicLogger - INFO - Received event temperature_report with a trace id of 1770318905479988360
2026-02-05 11:15:06,026 - basicLogger - DEBUG - Stored event motion_report with a trace id of 1770318905496198505
2026-02-05 11:15:06,029 - basicLogger - INFO - Received event temperature_report with a trace id of 1770318905725347254
2026-02-05 11:15:06,040 - basicLogger - DEBUG - Stored event temperature_report with a trace id of 1770318905479988360
2026-02-05 11:15:06,050 - basicLogger - DEBUG - Stored event temperature_report with a trace id of 1770318905725347254
2026-02-05 11:15:06,052 - basicLogger - INFO - Received event motion_report with a trace id of 1770318905684661834
2026-02-05 11:15:06,075 - basicLogger - DEBUG - Stored event motion_report with a trace id of 1770318905684661834
2026-02-05 11:15:06,210 - basicLogger - INFO - Received event temperature_report with a trace id of 1770318905568387119
2026-02-05 11:15:06,221 - basicLogger - DEBUG - Stored event temperature_report with a trace id of 1770318905568387119
2026-02-05 11:15:06,299 - basicLogger - INFO - Received event motion_report with a trace id of 1770318905973564060
2026-02-05 11:15:06,304 - basicLogger - INFO - Received event temperature_report with a trace id of 1770318905866879429
2026-02-05 11:15:06,310 - basicLogger - INFO - Received event temperature_report with a trace id of 1770318905779940808
2026-02-05 11:15:06,326 - basicLogger - DEBUG - Stored event motion_report with a trace id of 1770318905973564060
2026-02-05 11:15:06,330 - basicLogger - INFO - Received event motion_report with a trace id of 1770318906022266796
2026-02-05 11:15:06,336 - basicLogger - INFO - Received event motion_report with a trace id of 1770318905935766870
2026-02-05 11:15:06,339 - basicLogger - INFO - Received event motion_report with a trace id of 1770318906050954542
2026-02-05 11:15:06,340 - basicLogger - DEBUG - Stored event temperature_report with a trace id of 1770318905866879429
2026-02-05 11:15:06,344 - basicLogger - DEBUG - Stored event temperature_report with a trace id of 1770318905779940808
2026-02-05 11:15:06,356 - basicLogger - DEBUG - Stored event motion_report with a trace id of 1770318906022266796
2026-02-05 11:15:06,360 - basicLogger - DEBUG - Stored event motion_report with a trace id of 1770318906050954542
2026-02-05 11:15:06,360 - basicLogger - DEBUG - Stored event motion_report with a trace id of 1770318905935766870
2026-02-05 11:15:06,492 - basicLogger - INFO - Received event temperature_report with a trace id of 1770318906295618343
2026-02-05 11:15:06,509 - basicLogger - DEBUG - Stored event temperature_report with a trace id of 1770318906295618343
2026-02-05 11:15:06,584 - basicLogger - INFO - Received event motion_report with a trace id of 1770318906359850001
2026-02-05 11:15:06,593 - basicLogger - INFO - Received event temperature_report with a trace id of 1770318906333593796
2026-02-05 11:15:06,603 - basicLogger - DEBUG - Stored event motion_report with a trace id of 1770318906359850001
2026-02-05 11:15:06,615 - basicLogger - DEBUG - Stored event temperature_report with a trace id of 1770318906333593796
2026-02-05 11:15:06,698 - basicLogger - INFO - Received event motion_report with a trace id of 1770318906318733943
2026-02-05 11:15:06,702 - basicLogger - INFO - Received event temperature_report with a trace id of 1770318906312396882
2026-02-05 11:15:06,730 - basicLogger - DEBUG - Stored event motion_report with a trace id of 1770318906318733943
2026-02-05 11:15:06,743 - basicLogger - DEBUG - Stored event temperature_report with a trace id of 1770318906312396882
2026-02-05 11:15:06,776 - basicLogger - INFO - Received event motion_report with a trace id of 1770318906426598997
2026-02-05 11:15:06,800 - basicLogger - DEBUG - Stored event motion_report with a trace id of 1770318906426598997
2026-02-05 11:15:06,848 - basicLogger - INFO - Received event motion_report with a trace id of 1770318906392820614
2026-02-05 11:15:06,875 - basicLogger - DEBUG - Stored event motion_report with a trace id of 1770318906392820614
2026-02-05 11:15:06,887 - basicLogger - INFO - Received event motion_report with a trace id of 1770318906413585258
2026-02-05 11:15:06,888 - basicLogger - INFO - Received event temperature_report with a trace id of 1770318906430870273
2026-02-05 11:15:06,893 - basicLogger - INFO - Received event motion_report with a trace id of 1770318906384425017
2026-02-05 11:15:06,911 - basicLogger - DEBUG - Stored event temperature_report with a trace id of 1770318906430870273
2026-02-05 11:15:06,914 - basicLogger - DEBUG - Stored event motion_report with a trace id of 1770318906413585258
2026-02-05 11:15:06,923 - basicLogger - DEBUG - Stored event motion_report with a trace id of 1770318906384425017
2026-02-05 11:15:07,072 - basicLogger - INFO - Received event temperature_report with a trace id of 1770318906706714675
2026-02-05 11:15:07,084 - basicLogger - INFO - Received event motion_report with a trace id of 1770318906634459965
2026-02-05 11:15:07,089 - basicLogger - INFO - Received event motion_report with a trace id of 1770318906536266227
2026-02-05 11:15:07,112 - basicLogger - DEBUG - Stored event temperature_report with a trace id of 1770318906706714675
2026-02-05 11:15:07,129 - basicLogger - DEBUG - Stored event motion_report with a trace id of 1770318906634459965
2026-02-05 11:15:07,157 - basicLogger - DEBUG - Stored event motion_report with a trace id of 1770318906536266227
2026-02-05 11:15:07,166 - basicLogger - INFO - Received event motion_report with a trace id of 1770318906751517627
2026-02-05 11:15:07,175 - basicLogger - INFO - Received event temperature_report with a trace id of 1770318906845890978
2026-02-05 11:15:07,180 - basicLogger - INFO - Received event motion_report with a trace id of 1770318906795085742
2026-02-05 11:15:07,211 - basicLogger - DEBUG - Stored event motion_report with a trace id of 1770318906751517627
2026-02-05 11:15:07,229 - basicLogger - INFO - Received event motion_report with a trace id of 1770318906907544658
2026-02-05 11:15:07,231 - basicLogger - DEBUG - Stored event motion_report with a trace id of 1770318906795085742
2026-02-05 11:15:07,237 - basicLogger - DEBUG - Stored event temperature_report with a trace id of 1770318906845890978
2026-02-05 11:15:07,249 - basicLogger - DEBUG - Stored event motion_report with a trace id of 1770318906907544658
2026-02-05 11:15:07,395 - basicLogger - INFO - Received event motion_report with a trace id of 1770318907143443167
2026-02-05 11:15:07,415 - basicLogger - DEBUG - Stored event motion_report with a trace id of 1770318907143443167
2026-02-05 11:15:07,474 - basicLogger - INFO - Received event temperature_report with a trace id of 1770318907233665479
2026-02-05 11:15:07,488 - basicLogger - DEBUG - Stored event temperature_report with a trace id of 1770318907233665479
2026-02-05 11:15:07,528 - basicLogger - INFO - Received event motion_report with a trace id of 1770318907120788243
2026-02-05 11:15:07,546 - basicLogger - DEBUG - Stored event motion_report with a trace id of 1770318907120788243
2026-02-05 11:15:07,598 - basicLogger - INFO - Received event motion_report with a trace id of 1770318907141829624
2026-02-05 11:15:07,623 - basicLogger - DEBUG - Stored event motion_report with a trace id of 1770318907141829624
2026-02-05 11:15:07,624 - basicLogger - INFO - Received event motion_report with a trace id of 1770318907198531573
2026-02-05 11:15:07,663 - basicLogger - INFO - Received event motion_report with a trace id of 1770318907203485993
2026-02-05 11:15:07,676 - basicLogger - DEBUG - Stored event motion_report with a trace id of 1770318907198531573
2026-02-05 11:15:07,700 - basicLogger - DEBUG - Stored event motion_report with a trace id of 1770318907203485993
2026-02-05 11:15:07,708 - basicLogger - INFO - Received event temperature_report with a trace id of 1770318907253380813
2026-02-05 11:15:07,717 - basicLogger - INFO - Received event motion_report with a trace id of 1770318907309456402
2026-02-05 11:15:07,728 - basicLogger - DEBUG - Stored event temperature_report with a trace id of 1770318907253380813
2026-02-05 11:15:07,735 - basicLogger - DEBUG - Stored event motion_report with a trace id of 1770318907309456402
2026-02-05 11:15:07,776 - basicLogger - INFO - Received event temperature_report with a trace id of 1770318907284124204
2026-02-05 11:15:07,786 - basicLogger - INFO - Received event motion_report with a trace id of 1770318907310829996
2026-02-05 11:15:07,796 - basicLogger - DEBUG - Stored event temperature_report with a trace id of 1770318907284124204
2026-02-05 11:15:07,814 - basicLogger - DEBUG - Stored event motion_report with a trace id of 1770318907310829996
2026-02-05 11:15:07,817 - basicLogger - INFO - Received event temperature_report with a trace id of 1770318907426547826
2026-02-05 11:15:07,855 - basicLogger - INFO - Received event motion_report with a trace id of 1770318907516810722
2026-02-05 11:15:07,881 - basicLogger - INFO - Received event temperature_report with a trace id of 1770318907611613502
2026-02-05 11:15:07,902 - basicLogger - DEBUG - Stored event temperature_report with a trace id of 1770318907611613502
2026-02-05 11:15:07,921 - basicLogger - DEBUG - Stored event temperature_report with a trace id of 1770318907426547826
2026-02-05 11:15:08,038 - basicLogger - INFO - Received event motion_report with a trace id of 1770318907756184641
2026-02-05 11:15:08,050 - basicLogger - DEBUG - Stored event motion_report with a trace id of 1770318907756184641
2026-02-05 11:15:08,113 - basicLogger - DEBUG - Stored event motion_report with a trace id of 1770318907516810722
2026-02-05 11:15:08,231 - basicLogger - INFO - Received event motion_report with a trace id of 1770318907788711680
2026-02-05 11:15:08,243 - basicLogger - INFO - Received event temperature_report with a trace id of 1770318907765666446
2026-02-05 11:15:08,257 - basicLogger - INFO - Received event temperature_report with a trace id of 1770318907933938582
2026-02-05 11:15:08,257 - basicLogger - INFO - Received event motion_report with a trace id of 1770318907693854870
2026-02-05 11:15:08,258 - basicLogger - INFO - Received event temperature_report with a trace id of 1770318907851134030
2026-02-05 11:15:08,258 - basicLogger - INFO - Received event motion_report with a trace id of 1770318907862587819
2026-02-05 11:15:08,260 - basicLogger - DEBUG - Stored event motion_report with a trace id of 1770318907788711680
2026-02-05 11:15:08,261 - basicLogger - INFO - Received event temperature_report with a trace id of 1770318907915569130
2026-02-05 11:15:08,261 - basicLogger - INFO - Received event motion_report with a trace id of 1770318907739689044
2026-02-05 11:15:08,285 - basicLogger - DEBUG - Stored event temperature_report with a trace id of 1770318907765666446
2026-02-05 11:15:08,287 - basicLogger - DEBUG - Stored event motion_report with a trace id of 1770318907693854870
2026-02-05 11:15:08,294 - basicLogger - DEBUG - Stored event motion_report with a trace id of 1770318907862587819
2026-02-05 11:15:08,296 - basicLogger - DEBUG - Stored event temperature_report with a trace id of 1770318907851134030
2026-02-05 11:15:08,296 - basicLogger - DEBUG - Stored event temperature_report with a trace id of 1770318907933938582
2026-02-05 11:15:08,447 - basicLogger - INFO - Received event motion_report with a trace id of 1770318908239916237
2026-02-05 11:15:08,456 - basicLogger - DEBUG - Stored event temperature_report with a trace id of 1770318907915569130
2026-02-05 11:15:08,465 - basicLogger - DEBUG - Stored event motion_report with a trace id of 1770318908239916237
2026-02-05 11:15:08,510 - basicLogger - DEBUG - Stored event motion_report with a trace id of 1770318907739689044
2026-02-05 11:15:08,549 - basicLogger - INFO - Received event temperature_report with a trace id of 1770318908286915025
2026-02-05 11:15:08,569 - basicLogger - DEBUG - Stored event temperature_report with a trace id of 1770318908286915025
2026-02-05 11:15:08,578 - basicLogger - INFO - Received event motion_report with a trace id of 1770318908256806953
2026-02-05 11:15:08,604 - basicLogger - DEBUG - Stored event motion_report with a trace id of 1770318908256806953
2026-02-05 11:15:08,665 - basicLogger - INFO - Received event motion_report with a trace id of 1770318908339729196
2026-02-05 11:15:08,685 - basicLogger - INFO - Received event temperature_report with a trace id of 1770318908347053345
2026-02-05 11:15:08,695 - basicLogger - DEBUG - Stored event motion_report with a trace id of 1770318908339729196
2026-02-05 11:15:08,708 - basicLogger - DEBUG - Stored event temperature_report with a trace id of 1770318908347053345
2026-02-05 11:15:08,808 - basicLogger - INFO - Received event motion_report with a trace id of 1770318908384130464
2026-02-05 11:15:08,825 - basicLogger - DEBUG - Stored event motion_report with a trace id of 1770318908384130464
2026-02-05 11:15:08,861 - basicLogger - INFO - Received event temperature_report with a trace id of 1770318908480925453
2026-02-05 11:15:08,865 - basicLogger - INFO - Received event temperature_report with a trace id of 1770318908509783294
2026-02-05 11:15:08,897 - basicLogger - INFO - Received event motion_report with a trace id of 1770318908404364543
2026-02-05 11:15:08,898 - basicLogger - DEBUG - Stored event temperature_report with a trace id of 1770318908480925453
2026-02-05 11:15:08,908 - basicLogger - DEBUG - Stored event temperature_report with a trace id of 1770318908509783294
2026-02-05 11:15:08,926 - basicLogger - DEBUG - Stored event motion_report with a trace id of 1770318908404364543
2026-02-05 11:15:08,974 - basicLogger - INFO - Received event temperature_report with a trace id of 1770318908630674066
2026-02-05 11:15:08,993 - basicLogger - INFO - Received event temperature_report with a trace id of 1770318908554296925
2026-02-05 11:15:09,027 - basicLogger - DEBUG - Stored event temperature_report with a trace id of 1770318908554296925
2026-02-05 11:15:09,062 - basicLogger - INFO - Received event temperature_report with a trace id of 1770318908750425266
2026-02-05 11:15:08,995 - basicLogger - DEBUG - Stored event temperature_report with a trace id of 1770318908630674066
2026-02-05 11:15:09,084 - basicLogger - INFO - Received event motion_report with a trace id of 1770318908654923126
2026-02-05 11:15:09,096 - basicLogger - DEBUG - Stored event temperature_report with a trace id of 1770318908750425266
2026-02-05 11:15:09,104 - basicLogger - DEBUG - Stored event motion_report with a trace id of 1770318908654923126
2026-02-05 11:15:09,152 - basicLogger - INFO - Received event temperature_report with a trace id of 1770318908387685200
2026-02-05 11:15:09,186 - basicLogger - DEBUG - Stored event temperature_report with a trace id of 1770318908387685200
2026-02-05 11:15:09,202 - basicLogger - INFO - Received event temperature_report with a trace id of 1770318908731027387
2026-02-05 11:15:09,208 - basicLogger - INFO - Received event motion_report with a trace id of 1770318908859882583
2026-02-05 11:15:09,228 - basicLogger - DEBUG - Stored event motion_report with a trace id of 1770318908859882583
2026-02-05 11:15:09,236 - basicLogger - DEBUG - Stored event temperature_report with a trace id of 1770318908731027387
2026-02-05 11:15:09,270 - basicLogger - INFO - Received event temperature_report with a trace id of 1770318908983349288
2026-02-05 11:15:09,287 - basicLogger - DEBUG - Stored event temperature_report with a trace id of 1770318908983349288
2026-02-05 11:15:09,340 - basicLogger - INFO - Received event temperature_report with a trace id of 1770318909107413660
2026-02-05 11:15:09,358 - basicLogger - DEBUG - Stored event temperature_report with a trace id of 1770318909107413660
2026-02-05 11:15:09,397 - basicLogger - INFO - Received event temperature_report with a trace id of 1770318908991812073
2026-02-05 11:15:09,404 - basicLogger - INFO - Received event motion_report with a trace id of 1770318909007506075
2026-02-05 11:15:09,419 - basicLogger - DEBUG - Stored event temperature_report with a trace id of 1770318908991812073
2026-02-05 11:15:09,421 - basicLogger - INFO - Received event motion_report with a trace id of 1770318909132918044
2026-02-05 11:15:09,425 - basicLogger - DEBUG - Stored event motion_report with a trace id of 1770318909007506075
2026-02-05 11:15:09,440 - basicLogger - DEBUG - Stored event motion_report with a trace id of 1770318909132918044
2026-02-05 11:15:09,547 - basicLogger - INFO - Received event motion_report with a trace id of 1770318909258477468
2026-02-05 11:15:09,601 - basicLogger - DEBUG - Stored event motion_report with a trace id of 1770318909258477468
2026-02-05 11:15:09,635 - basicLogger - INFO - Received event temperature_report with a trace id of 1770318909274196209
2026-02-05 11:15:09,655 - basicLogger - INFO - Received event motion_report with a trace id of 1770318909180286886
2026-02-05 11:15:09,674 - basicLogger - INFO - Received event temperature_report with a trace id of 1770318909313575422
2026-02-05 11:15:09,679 - basicLogger - DEBUG - Stored event temperature_report with a trace id of 1770318909274196209
2026-02-05 11:15:09,681 - basicLogger - INFO - Received event temperature_report with a trace id of 1770318909154228998
2026-02-05 11:15:09,708 - basicLogger - DEBUG - Stored event motion_report with a trace id of 1770318909180286886
2026-02-05 11:15:09,714 - basicLogger - DEBUG - Stored event temperature_report with a trace id of 1770318909313575422
2026-02-05 11:15:09,716 - basicLogger - INFO - Received event temperature_report with a trace id of 1770318909375658126
2026-02-05 11:15:09,716 - basicLogger - DEBUG - Stored event temperature_report with a trace id of 1770318909154228998
2026-02-05 11:15:09,739 - basicLogger - DEBUG - Stored event temperature_report with a trace id of 1770318909375658126
2026-02-05 11:15:09,741 - basicLogger - INFO - Received event temperature_report with a trace id of 1770318909281990459
2026-02-05 11:15:09,766 - basicLogger - DEBUG - Stored event temperature_report with a trace id of 1770318909281990459
2026-02-05 11:15:09,852 - basicLogger - INFO - Received event motion_report with a trace id of 1770318909492135018
2026-02-05 11:15:09,914 - basicLogger - DEBUG - Stored event motion_report with a trace id of 1770318909492135018
2026-02-05 11:15:09,921 - basicLogger - INFO - Received event motion_report with a trace id of 1770318909463422480
2026-02-05 11:15:09,944 - basicLogger - DEBUG - Stored event motion_report with a trace id of 1770318909463422480
2026-02-05 11:15:10,017 - basicLogger - INFO - Received event motion_report with a trace id of 1770318909765640878
2026-02-05 11:15:10,024 - basicLogger - INFO - Received event motion_report with a trace id of 1770318909472722462
2026-02-05 11:15:10,042 - basicLogger - DEBUG - Stored event motion_report with a trace id of 1770318909472722462
2026-02-05 11:15:10,043 - basicLogger - DEBUG - Stored event motion_report with a trace id of 1770318909765640878
2026-02-05 11:15:10,111 - basicLogger - INFO - Received event motion_report with a trace id of 1770318909768626913
2026-02-05 11:15:10,126 - basicLogger - INFO - Received event motion_report with a trace id of 1770318909691267170
2026-02-05 11:15:10,127 - basicLogger - INFO - Received event temperature_report with a trace id of 1770318909716362868
2026-02-05 11:15:10,139 - basicLogger - DEBUG - Stored event motion_report with a trace id of 1770318909768626913
2026-02-05 11:15:10,153 - basicLogger - DEBUG - Stored event motion_report with a trace id of 1770318909691267170
2026-02-05 11:15:10,159 - basicLogger - DEBUG - Stored event temperature_report with a trace id of 1770318909716362868
2026-02-05 11:15:10,208 - basicLogger - INFO - Received event motion_report with a trace id of 1770318909762477153
2026-02-05 11:15:10,226 - basicLogger - DEBUG - Stored event motion_report with a trace id of 1770318909762477153
2026-02-05 11:15:10,313 - basicLogger - INFO - Received event motion_report with a trace id of 1770318910015998280
2026-02-05 11:15:10,328 - basicLogger - INFO - Received event motion_report with a trace id of 1770318910079427323
2026-02-05 11:15:10,333 - basicLogger - DEBUG - Stored event motion_report with a trace id of 1770318910015998280
2026-02-05 11:15:10,351 - basicLogger - DEBUG - Stored event motion_report with a trace id of 1770318910079427323
2026-02-05 11:15:10,367 - basicLogger - INFO - Received event motion_report with a trace id of 1770318910076234221
2026-02-05 11:15:10,387 - basicLogger - DEBUG - Stored event motion_report with a trace id of 1770318910076234221
2026-02-05 11:15:10,481 - basicLogger - INFO - Received event motion_report with a trace id of 1770318909787330475
2026-02-05 11:15:10,482 - basicLogger - INFO - Received event motion_report with a trace id of 1770318910164577094
2026-02-05 11:15:10,505 - basicLogger - DEBUG - Stored event motion_report with a trace id of 1770318909787330475
2026-02-05 11:15:10,513 - basicLogger - DEBUG - Stored event motion_report with a trace id of 1770318910164577094
2026-02-05 11:15:10,626 - basicLogger - INFO - Received event motion_report with a trace id of 1770318909802882559
2026-02-05 11:15:10,628 - basicLogger - INFO - Received event motion_report with a trace id of 1770318910241991149
2026-02-05 11:15:10,631 - basicLogger - INFO - Received event motion_report with a trace id of 1770318909956719328
2026-02-05 11:15:10,641 - basicLogger - INFO - Received event motion_report with a trace id of 1770318910200431580
2026-02-05 11:15:10,668 - basicLogger - DEBUG - Stored event motion_report with a trace id of 1770318910241991149
2026-02-05 11:15:10,671 - basicLogger - DEBUG - Stored event motion_report with a trace id of 1770318909956719328
2026-02-05 11:15:10,672 - basicLogger - DEBUG - Stored event motion_report with a trace id of 1770318909802882559
2026-02-05 11:15:10,672 - basicLogger - DEBUG - Stored event motion_report with a trace id of 1770318910200431580
2026-02-05 11:15:10,691 - basicLogger - INFO - Received event motion_report with a trace id of 1770318910206948462
2026-02-05 11:15:10,692 - basicLogger - INFO - Received event motion_report with a trace id of 1770318910401828338
2026-02-05 11:15:10,693 - basicLogger - INFO - Received event motion_report with a trace id of 1770318910356591752
2026-02-05 11:15:10,717 - basicLogger - DEBUG - Stored event motion_report with a trace id of 1770318910206948462
2026-02-05 11:15:10,722 - basicLogger - DEBUG - Stored event motion_report with a trace id of 1770318910401828338
2026-02-05 11:15:10,725 - basicLogger - DEBUG - Stored event motion_report with a trace id of 1770318910356591752
2026-02-05 11:15:10,785 - basicLogger - INFO - Received event motion_report with a trace id of 1770318910384506031
2026-02-05 11:15:10,802 - basicLogger - DEBUG - Stored event motion_report with a trace id of 1770318910384506031
2026-02-05 11:15:10,852 - basicLogger - INFO - Received event motion_report with a trace id of 1770318910628377919
2026-02-05 11:15:10,854 - basicLogger - INFO - Received event motion_report with a trace id of 1770318910635859174
2026-02-05 11:15:10,872 - basicLogger - DEBUG - Stored event motion_report with a trace id of 1770318910628377919
2026-02-05 11:15:10,878 - basicLogger - DEBUG - Stored event motion_report with a trace id of 1770318910635859174
